#
# There is insufficient memory for the Java Runtime Environment to continue.
# Native memory allocation (malloc) failed to allocate 1226496 bytes. Error detail: Chunk::new
# Possible reasons:
#   The system is out of physical RAM or swap space
#   This process is running with CompressedOops enabled, and the Java Heap may be blocking the growth of the native heap
# Possible solutions:
#   Reduce memory load on the system
#   Increase physical memory or swap space
#   Check if swap backing store is full
#   Decrease Java heap size (-Xmx/-Xms)
#   Decrease number of Java threads
#   Decrease Java thread stack sizes (-Xss)
#   Set larger code cache with -XX:ReservedCodeCacheSize=
#   JVM is running with Unscaled Compressed Oops mode in which the Java heap is
#     placed in the first 4GB address space. The Java Heap base address is the
#     maximum limit for the native heap growth. Please use -XX:HeapBaseMinAddress
#     to set the Java Heap base and to place the Java Heap above 4GB virtual address.
# This output file may be truncated or incomplete.
#
#  Out of Memory Error (arena.cpp:191), pid=14660, tid=4940
#
# JRE version: OpenJDK Runtime Environment Corretto-17.0.11.9.1 (17.0.11+9) (build 17.0.11+9-LTS)
# Java VM: OpenJDK 64-Bit Server VM Corretto-17.0.11.9.1 (17.0.11+9-LTS, mixed mode, sharing, tiered, compressed oops, compressed class ptrs, g1 gc, windows-amd64)
# No core dump will be written. Minidumps are not enabled by default on client versions of Windows
#

---------------  S U M M A R Y ------------

Command Line: --add-opens=java.base/java.util=ALL-UNNAMED --add-opens=java.base/java.lang=ALL-UNNAMED --add-opens=java.base/java.lang.invoke=ALL-UNNAMED --add-opens=java.prefs/java.util.prefs=ALL-UNNAMED --add-opens=java.base/java.nio.charset=ALL-UNNAMED --add-opens=java.base/java.net=ALL-UNNAMED --add-opens=java.base/java.util.concurrent.atomic=ALL-UNNAMED -XX:MaxMetaspaceSize=384m -XX:+HeapDumpOnOutOfMemoryError -Xms256m -Xmx512m -Dfile.encoding=UTF-8 -Duser.country=KR -Duser.language=ko -Duser.variant -javaagent:C:\Users\qkrdo\.gradle\wrapper\dists\gradle-8.8-bin\dl7vupf4psengwqhwktix4v1\gradle-8.8\lib\agents\gradle-instrumentation-agent-8.8.jar org.gradle.launcher.daemon.bootstrap.GradleDaemon 8.8

Host: Intel(R) Core(TM) i5-1035G7 CPU @ 1.20GHz, 8 cores, 7G,  Windows 11 , 64 bit Build 22621 (10.0.22621.3672)
Time: Tue Jul 23 15:02:52 2024  Windows 11 , 64 bit Build 22621 (10.0.22621.3672) elapsed time: 25.902221 seconds (0d 0h 0m 25s)

---------------  T H R E A D  ---------------

Current thread (0x00000236b3b178f0):  JavaThread "C2 CompilerThread1" daemon [_thread_in_native, id=4940, stack(0x000000876d200000,0x000000876d300000)]


Current CompileTask:
C2:  25902 8519 %     4       org.gradle.internal.instantiation.generator.AbstractClassGenerator::inspectType @ 107 (560 bytes)

Stack: [0x000000876d200000,0x000000876d300000]
Native frames: (J=compiled Java code, j=interpreted, Vv=VM code, C=native code)
V  [jvm.dll+0x67d009]
V  [jvm.dll+0x83489a]
V  [jvm.dll+0x83635e]
V  [jvm.dll+0x8369c3]
V  [jvm.dll+0x2479df]
V  [jvm.dll+0xac534]
V  [jvm.dll+0xacb7c]
V  [jvm.dll+0x2aeecf]
V  [jvm.dll+0x5844d7]
V  [jvm.dll+0x2229d2]
V  [jvm.dll+0x222dcf]
V  [jvm.dll+0x21bef0]
V  [jvm.dll+0x2193f1]
V  [jvm.dll+0x1a524d]
V  [jvm.dll+0x22920d]
V  [jvm.dll+0x2273dc]
V  [jvm.dll+0x7e9a07]
V  [jvm.dll+0x7e3e0a]
V  [jvm.dll+0x67bef5]
C  [ucrtbase.dll+0x29333]
C  [KERNEL32.DLL+0x1257d]
C  [ntdll.dll+0x5af28]


---------------  P R O C E S S  ---------------

Threads class SMR info:
_java_thread_list=0x00000236b33df2a0, length=139, elements={
0x00000236f9bdd820, 0x00000236fdcf8140, 0x00000236fdcf8d00, 0x00000236fdd0da10,
0x00000236fdd0e4e0, 0x00000236fdd0f0a0, 0x00000236fdd15aa0, 0x00000236fdd26340,
0x00000236fdd1aa20, 0x00000236fdd1b420, 0x0000023696be0330, 0x0000023696c8d530,
0x00000236b1118a30, 0x00000236b1000610, 0x00000236b0a3c710, 0x00000236b0174570,
0x00000236b122fd60, 0x0000023696cc58d0, 0x0000023696cc7220, 0x0000023696cc62f0,
0x0000023696cc8660, 0x0000023696cc8b70, 0x0000023696cc6800, 0x0000023696cc6d10,
0x0000023696cc9080, 0x0000023696cc7c40, 0x0000023696cc8150, 0x0000023696cc5de0,
0x00000236b1334af0, 0x00000236b1337370, 0x00000236b13340d0, 0x00000236b1336440,
0x00000236b13391d0, 0x00000236b13382a0, 0x00000236b13331a0, 0x00000236b1332780,
0x00000236b1337d90, 0x00000236b13336b0, 0x00000236b1338cc0, 0x00000236b13396e0,
0x00000236b1339bf0, 0x00000236b1336e60, 0x00000236b1337880, 0x00000236b133a100,
0x00000236b1332c90, 0x00000236b13345e0, 0x00000236b1335f30, 0x00000236b1333bc0,
0x00000236b1335000, 0x00000236b1335510, 0x00000236b1336950, 0x00000236b37e74a0,
0x00000236b37e6f90, 0x00000236b37e6a80, 0x00000236b37e9300, 0x00000236b37e9810,
0x00000236b37e88e0, 0x00000236b37e6060, 0x00000236b37e8df0, 0x00000236b37e79b0,
0x00000236b37e6570, 0x00000236b3b178f0, 0x00000236b37e7ec0, 0x00000236b37e83d0,
0x00000236b3344000, 0x00000236b3342bc0, 0x00000236b333f920, 0x00000236b3344510,
0x00000236b33430d0, 0x00000236b33426b0, 0x00000236b3341780, 0x00000236b3341c90,
0x00000236b33421a0, 0x00000236b333fe30, 0x00000236b333dfd0, 0x00000236b3340d60,
0x00000236b333e4e0, 0x00000236b333e9f0, 0x00000236b33435e0, 0x00000236b333ef00,
0x00000236b333f410, 0x00000236b3343af0, 0x00000236b333d0a0, 0x00000236b3344a20,
0x00000236b333d5b0, 0x00000236b3340340, 0x00000236b3340850, 0x00000236b3341270,
0x00000236b1ca3240, 0x00000236b1ca2310, 0x00000236b1ca3c60, 0x00000236b1c9ffa0,
0x00000236b1ca55b0, 0x00000236b1ca1e00, 0x00000236b1ca3750, 0x00000236b1ca64e0,
0x00000236b1ca2820, 0x00000236b1ca5ac0, 0x00000236b1ca69f0, 0x00000236b1ca04b0,
0x00000236b1ca4b90, 0x00000236b1ca2d30, 0x00000236b1ca4170, 0x00000236b1ca4680,
0x00000236b1ca50a0, 0x00000236b1ca5fd0, 0x00000236b1ca09c0, 0x00000236b1c9f580,
0x00000236b1ca6f00, 0x00000236b1c9fa90, 0x00000236b1ca0ed0, 0x00000236b1ca13e0,
0x00000236b1ca18f0, 0x0000023696cb7340, 0x0000023696cb59f0, 0x0000023696cb7850,
0x0000023696cb5f00, 0x0000023696cb54e0, 0x0000023696cb8270, 0x0000023696cb6920,
0x0000023696cb8780, 0x0000023696cb6410, 0x0000023696cb7d60, 0x0000023696cb6e30,
0x0000023696cb4fd0, 0x00000236b259d070, 0x00000236b259a2e0, 0x00000236b259ad00,
0x00000236b259a7f0, 0x00000236b259cb60, 0x00000236b259b720, 0x00000236b259bc30,
0x00000236b2598480, 0x00000236b259c140, 0x00000236b259d580, 0x00000236b259e4b0,
0x00000236b259f8f0, 0x00000236b259c650, 0x00000236b259da90
}

Java Threads: ( => current thread )
  0x00000236f9bdd820 JavaThread "main" [_thread_blocked, id=3420, stack(0x0000008768500000,0x0000008768600000)]
  0x00000236fdcf8140 JavaThread "Reference Handler" daemon [_thread_blocked, id=8848, stack(0x0000008768c00000,0x0000008768d00000)]
  0x00000236fdcf8d00 JavaThread "Finalizer" daemon [_thread_blocked, id=692, stack(0x0000008768d00000,0x0000008768e00000)]
  0x00000236fdd0da10 JavaThread "Signal Dispatcher" daemon [_thread_blocked, id=27528, stack(0x0000008768e00000,0x0000008768f00000)]
  0x00000236fdd0e4e0 JavaThread "Attach Listener" daemon [_thread_blocked, id=1672, stack(0x0000008768f00000,0x0000008769000000)]
  0x00000236fdd0f0a0 JavaThread "Service Thread" daemon [_thread_blocked, id=25444, stack(0x0000008769000000,0x0000008769100000)]
  0x00000236fdd15aa0 JavaThread "Monitor Deflation Thread" daemon [_thread_blocked, id=7360, stack(0x0000008769100000,0x0000008769200000)]
  0x00000236fdd26340 JavaThread "C2 CompilerThread0" daemon [_thread_in_native, id=4900, stack(0x0000008769200000,0x0000008769300000)]
  0x00000236fdd1aa20 JavaThread "C1 CompilerThread0" daemon [_thread_blocked, id=30448, stack(0x0000008769300000,0x0000008769400000)]
  0x00000236fdd1b420 JavaThread "Sweeper thread" daemon [_thread_blocked, id=24608, stack(0x0000008769400000,0x0000008769500000)]
  0x0000023696be0330 JavaThread "Common-Cleaner" daemon [_thread_blocked, id=5004, stack(0x0000008769500000,0x0000008769600000)]
  0x0000023696c8d530 JavaThread "Notification Thread" daemon [_thread_blocked, id=10184, stack(0x0000008769600000,0x0000008769700000)]
  0x00000236b1118a30 JavaThread "Daemon health stats" [_thread_blocked, id=10016, stack(0x0000008769800000,0x0000008769900000)]
  0x00000236b1000610 JavaThread "Incoming local TCP Connector on port 58048" [_thread_in_native, id=14972, stack(0x0000008769e00000,0x0000008769f00000)]
  0x00000236b0a3c710 JavaThread "Daemon periodic checks" [_thread_blocked, id=17064, stack(0x0000008769f00000,0x000000876a000000)]
  0x00000236b0174570 JavaThread "Daemon" [_thread_blocked, id=24784, stack(0x000000876a000000,0x000000876a100000)]
  0x00000236b122fd60 JavaThread "Handler for socket connection from /127.0.0.1:58048 to /127.0.0.1:58049" [_thread_in_native, id=23392, stack(0x000000876a100000,0x000000876a200000)]
  0x0000023696cc58d0 JavaThread "Cancel handler" [_thread_blocked, id=17924, stack(0x000000876a200000,0x000000876a300000)]
  0x0000023696cc7220 JavaThread "Daemon worker" [_thread_blocked, id=30060, stack(0x000000876a300000,0x000000876a400000)]
  0x0000023696cc62f0 JavaThread "Asynchronous log dispatcher for DefaultDaemonConnection: socket connection from /127.0.0.1:58048 to /127.0.0.1:58049" [_thread_blocked, id=28996, stack(0x000000876a400000,0x000000876a500000)]
  0x0000023696cc8660 JavaThread "Stdin handler" [_thread_blocked, id=12804, stack(0x000000876a500000,0x000000876a600000)]
  0x0000023696cc8b70 JavaThread "Daemon client event forwarder" [_thread_blocked, id=27668, stack(0x000000876a600000,0x000000876a700000)]
  0x0000023696cc6800 JavaThread "Cache worker for journal cache (C:\Users\qkrdo\.gradle\caches\journal-1)" [_thread_blocked, id=772, stack(0x000000876a700000,0x000000876a800000)]
  0x0000023696cc6d10 JavaThread "File lock request listener" [_thread_in_native, id=11412, stack(0x000000876a800000,0x000000876a900000)]
  0x0000023696cc9080 JavaThread "Cache worker for file hash cache (C:\Users\qkrdo\.gradle\caches\8.8\fileHashes)" [_thread_blocked, id=23740, stack(0x000000876a900000,0x000000876aa00000)]
  0x0000023696cc7c40 JavaThread "Cache worker for file hash cache (C:\fullstack405\spring\SleepOn\.gradle\8.8\fileHashes)" [_thread_blocked, id=16848, stack(0x000000876ac00000,0x000000876ad00000)]
  0x0000023696cc8150 JavaThread "File watcher server" daemon [_thread_in_native, id=25788, stack(0x000000876ad00000,0x000000876ae00000)]
  0x0000023696cc5de0 JavaThread "File watcher consumer" daemon [_thread_blocked, id=9248, stack(0x000000876ae00000,0x000000876af00000)]
  0x00000236b1334af0 JavaThread "Cache worker for checksums cache (C:\fullstack405\spring\SleepOn\.gradle\8.8\checksums)" [_thread_blocked, id=16800, stack(0x000000876b000000,0x000000876b100000)]
  0x00000236b1337370 JavaThread "Cache worker for file content cache (C:\Users\qkrdo\.gradle\caches\8.8\fileContent)" [_thread_blocked, id=23940, stack(0x000000876b100000,0x000000876b200000)]
  0x00000236b13340d0 JavaThread "Cache worker for cache directory md-rule (C:\Users\qkrdo\.gradle\caches\8.8\md-rule)" [_thread_blocked, id=30792, stack(0x000000876b200000,0x000000876b300000)]
  0x00000236b1336440 JavaThread "Cache worker for cache directory md-supplier (C:\Users\qkrdo\.gradle\caches\8.8\md-supplier)" [_thread_blocked, id=22216, stack(0x000000876b300000,0x000000876b400000)]
  0x00000236b13391d0 JavaThread "jar transforms" [_thread_blocked, id=21424, stack(0x000000876b400000,0x000000876b500000)]
  0x00000236b13382a0 JavaThread "jar transforms Thread 2" [_thread_blocked, id=19104, stack(0x000000876b500000,0x000000876b600000)]
  0x00000236b13331a0 JavaThread "jar transforms Thread 3" [_thread_blocked, id=27688, stack(0x000000876b700000,0x000000876b800000)]
  0x00000236b1332780 JavaThread "jar transforms Thread 4" [_thread_blocked, id=31472, stack(0x000000876b800000,0x000000876b900000)]
  0x00000236b1337d90 JavaThread "jar transforms Thread 5" [_thread_blocked, id=12040, stack(0x000000876b900000,0x000000876ba00000)]
  0x00000236b13336b0 JavaThread "jar transforms Thread 6" [_thread_blocked, id=23000, stack(0x000000876ba00000,0x000000876bb00000)]
  0x00000236b1338cc0 JavaThread "Cache worker for Build Output Cleanup Cache (C:\fullstack405\spring\SleepOn\.gradle\buildOutputCleanup)" [_thread_blocked, id=4728, stack(0x000000876bc00000,0x000000876bd00000)]
  0x00000236b13396e0 JavaThread "jar transforms Thread 7" [_thread_blocked, id=10820, stack(0x000000876bd00000,0x000000876be00000)]
  0x00000236b1339bf0 JavaThread "Unconstrained build operations" [_thread_blocked, id=26256, stack(0x000000876b600000,0x000000876b700000)]
  0x00000236b1336e60 JavaThread "Unconstrained build operations Thread 2" [_thread_blocked, id=31536, stack(0x000000876be00000,0x000000876bf00000)]
  0x00000236b1337880 JavaThread "Unconstrained build operations Thread 3" [_thread_blocked, id=29276, stack(0x000000876bf00000,0x000000876c000000)]
  0x00000236b133a100 JavaThread "Unconstrained build operations Thread 4" [_thread_blocked, id=26648, stack(0x000000876c000000,0x000000876c100000)]
  0x00000236b1332c90 JavaThread "Unconstrained build operations Thread 5" [_thread_blocked, id=29836, stack(0x000000876c100000,0x000000876c200000)]
  0x00000236b13345e0 JavaThread "Unconstrained build operations Thread 6" [_thread_blocked, id=8820, stack(0x000000876c200000,0x000000876c300000)]
  0x00000236b1335f30 JavaThread "Unconstrained build operations Thread 7" [_thread_blocked, id=9608, stack(0x000000876c300000,0x000000876c400000)]
  0x00000236b1333bc0 JavaThread "Unconstrained build operations Thread 8" [_thread_blocked, id=28920, stack(0x000000876c400000,0x000000876c500000)]
  0x00000236b1335000 JavaThread "Unconstrained build operations Thread 9" [_thread_blocked, id=29140, stack(0x000000876c500000,0x000000876c600000)]
  0x00000236b1335510 JavaThread "Unconstrained build operations Thread 10" [_thread_blocked, id=19880, stack(0x000000876c600000,0x000000876c700000)]
  0x00000236b1336950 JavaThread "Unconstrained build operations Thread 11" [_thread_blocked, id=9660, stack(0x000000876c700000,0x000000876c800000)]
  0x00000236b37e74a0 JavaThread "Unconstrained build operations Thread 12" [_thread_blocked, id=23756, stack(0x000000876c800000,0x000000876c900000)]
  0x00000236b37e6f90 JavaThread "Unconstrained build operations Thread 13" [_thread_blocked, id=20604, stack(0x000000876c900000,0x000000876ca00000)]
  0x00000236b37e6a80 JavaThread "Unconstrained build operations Thread 14" [_thread_blocked, id=13276, stack(0x000000876ca00000,0x000000876cb00000)]
  0x00000236b37e9300 JavaThread "Unconstrained build operations Thread 15" [_thread_blocked, id=20700, stack(0x000000876cb00000,0x000000876cc00000)]
  0x00000236b37e9810 JavaThread "Unconstrained build operations Thread 16" [_thread_blocked, id=25552, stack(0x000000876cc00000,0x000000876cd00000)]
  0x00000236b37e88e0 JavaThread "Unconstrained build operations Thread 17" [_thread_blocked, id=11168, stack(0x000000876cd00000,0x000000876ce00000)]
  0x00000236b37e6060 JavaThread "Unconstrained build operations Thread 18" [_thread_blocked, id=1616, stack(0x000000876ce00000,0x000000876cf00000)]
  0x00000236b37e8df0 JavaThread "Unconstrained build operations Thread 19" [_thread_blocked, id=14580, stack(0x000000876cf00000,0x000000876d000000)]
  0x00000236b37e79b0 JavaThread "Unconstrained build operations Thread 20" [_thread_blocked, id=22304, stack(0x000000876d000000,0x000000876d100000)]
  0x00000236b37e6570 JavaThread "Unconstrained build operations Thread 21" [_thread_blocked, id=8228, stack(0x000000876d100000,0x000000876d200000)]
=>0x00000236b3b178f0 JavaThread "C2 CompilerThread1" daemon [_thread_in_native, id=4940, stack(0x000000876d200000,0x000000876d300000)]
  0x00000236b37e7ec0 JavaThread "Memory manager" [_thread_blocked, id=3052, stack(0x000000876d300000,0x000000876d400000)]
  0x00000236b37e83d0 JavaThread "jar transforms Thread 8" [_thread_blocked, id=19588, stack(0x000000876d400000,0x000000876d500000)]
  0x00000236b3344000 JavaThread "ForkJoinPool.commonPool-worker-1" daemon [_thread_blocked, id=8504, stack(0x000000876d500000,0x000000876d600000)]
  0x00000236b3342bc0 JavaThread "ForkJoinPool.commonPool-worker-2" daemon [_thread_blocked, id=13964, stack(0x000000876d600000,0x000000876d700000)]
  0x00000236b333f920 JavaThread "ForkJoinPool.commonPool-worker-3" daemon [_thread_blocked, id=16304, stack(0x000000876d700000,0x000000876d800000)]
  0x00000236b3344510 JavaThread "ForkJoinPool.commonPool-worker-4" daemon [_thread_blocked, id=5440, stack(0x000000876d800000,0x000000876d900000)]
  0x00000236b33430d0 JavaThread "ForkJoinPool.commonPool-worker-5" daemon [_thread_blocked, id=816, stack(0x000000876d900000,0x000000876da00000)]
  0x00000236b33426b0 JavaThread "ForkJoinPool.commonPool-worker-6" daemon [_thread_blocked, id=30520, stack(0x000000876da00000,0x000000876db00000)]
  0x00000236b3341780 JavaThread "ForkJoinPool.commonPool-worker-7" daemon [_thread_blocked, id=24652, stack(0x000000876db00000,0x000000876dc00000)]
  0x00000236b3341c90 JavaThread "Unconstrained build operations Thread 22" [_thread_blocked, id=4320, stack(0x000000876dc00000,0x000000876dd00000)]
  0x00000236b33421a0 JavaThread "Unconstrained build operations Thread 23" [_thread_blocked, id=23912, stack(0x000000876dd00000,0x000000876de00000)]
  0x00000236b333fe30 JavaThread "Unconstrained build operations Thread 24" [_thread_blocked, id=21036, stack(0x000000876de00000,0x000000876df00000)]
  0x00000236b333dfd0 JavaThread "Unconstrained build operations Thread 25" [_thread_blocked, id=25388, stack(0x000000876df00000,0x000000876e000000)]
  0x00000236b3340d60 JavaThread "Unconstrained build operations Thread 26" [_thread_blocked, id=24820, stack(0x000000876e000000,0x000000876e100000)]
  0x00000236b333e4e0 JavaThread "Unconstrained build operations Thread 27" [_thread_blocked, id=25240, stack(0x000000876e100000,0x000000876e200000)]
  0x00000236b333e9f0 JavaThread "Unconstrained build operations Thread 28" [_thread_blocked, id=13204, stack(0x000000876e200000,0x000000876e300000)]
  0x00000236b33435e0 JavaThread "Unconstrained build operations Thread 29" [_thread_blocked, id=540, stack(0x000000876e300000,0x000000876e400000)]
  0x00000236b333ef00 JavaThread "Unconstrained build operations Thread 30" [_thread_blocked, id=27060, stack(0x000000876e400000,0x000000876e500000)]
  0x00000236b333f410 JavaThread "Unconstrained build operations Thread 31" [_thread_blocked, id=19276, stack(0x000000876e500000,0x000000876e600000)]
  0x00000236b3343af0 JavaThread "Unconstrained build operations Thread 32" [_thread_blocked, id=22544, stack(0x000000876e600000,0x000000876e700000)]
  0x00000236b333d0a0 JavaThread "Unconstrained build operations Thread 33" [_thread_blocked, id=11988, stack(0x000000876e700000,0x000000876e800000)]
  0x00000236b3344a20 JavaThread "Unconstrained build operations Thread 34" [_thread_blocked, id=30632, stack(0x000000876e800000,0x000000876e900000)]
  0x00000236b333d5b0 JavaThread "Unconstrained build operations Thread 35" [_thread_blocked, id=10724, stack(0x000000876e900000,0x000000876ea00000)]
  0x00000236b3340340 JavaThread "Unconstrained build operations Thread 36" [_thread_blocked, id=14472, stack(0x000000876ea00000,0x000000876eb00000)]
  0x00000236b3340850 JavaThread "Unconstrained build operations Thread 37" [_thread_blocked, id=8444, stack(0x000000876eb00000,0x000000876ec00000)]
  0x00000236b3341270 JavaThread "Unconstrained build operations Thread 38" [_thread_blocked, id=12108, stack(0x000000876ec00000,0x000000876ed00000)]
  0x00000236b1ca3240 JavaThread "Unconstrained build operations Thread 39" [_thread_blocked, id=12916, stack(0x000000876ed00000,0x000000876ee00000)]
  0x00000236b1ca2310 JavaThread "Unconstrained build operations Thread 40" [_thread_blocked, id=24564, stack(0x000000876ee00000,0x000000876ef00000)]
  0x00000236b1ca3c60 JavaThread "Unconstrained build operations Thread 41" [_thread_blocked, id=27992, stack(0x000000876ef00000,0x000000876f000000)]
  0x00000236b1c9ffa0 JavaThread "Unconstrained build operations Thread 42" [_thread_blocked, id=27516, stack(0x000000876f000000,0x000000876f100000)]
  0x00000236b1ca55b0 JavaThread "Unconstrained build operations Thread 43" [_thread_blocked, id=6592, stack(0x000000876f100000,0x000000876f200000)]
  0x00000236b1ca1e00 JavaThread "Unconstrained build operations Thread 44" [_thread_blocked, id=28872, stack(0x000000876f200000,0x000000876f300000)]
  0x00000236b1ca3750 JavaThread "Unconstrained build operations Thread 45" [_thread_blocked, id=8612, stack(0x000000876f300000,0x000000876f400000)]
  0x00000236b1ca64e0 JavaThread "Unconstrained build operations Thread 46" [_thread_blocked, id=7772, stack(0x000000876f400000,0x000000876f500000)]
  0x00000236b1ca2820 JavaThread "Unconstrained build operations Thread 47" [_thread_blocked, id=13712, stack(0x000000876f500000,0x000000876f600000)]
  0x00000236b1ca5ac0 JavaThread "Unconstrained build operations Thread 48" [_thread_blocked, id=11328, stack(0x000000876f600000,0x000000876f700000)]
  0x00000236b1ca69f0 JavaThread "Unconstrained build operations Thread 49" [_thread_blocked, id=10440, stack(0x000000876f700000,0x000000876f800000)]
  0x00000236b1ca04b0 JavaThread "Unconstrained build operations Thread 50" [_thread_blocked, id=27160, stack(0x000000876f800000,0x000000876f900000)]
  0x00000236b1ca4b90 JavaThread "Unconstrained build operations Thread 51" [_thread_blocked, id=9116, stack(0x000000876f900000,0x000000876fa00000)]
  0x00000236b1ca2d30 JavaThread "Unconstrained build operations Thread 52" [_thread_blocked, id=10876, stack(0x000000876fa00000,0x000000876fb00000)]
  0x00000236b1ca4170 JavaThread "Unconstrained build operations Thread 53" [_thread_blocked, id=22100, stack(0x000000876fb00000,0x000000876fc00000)]
  0x00000236b1ca4680 JavaThread "Unconstrained build operations Thread 54" [_thread_blocked, id=11700, stack(0x000000876fc00000,0x000000876fd00000)]
  0x00000236b1ca50a0 JavaThread "Unconstrained build operations Thread 55" [_thread_blocked, id=4112, stack(0x000000876fd00000,0x000000876fe00000)]
  0x00000236b1ca5fd0 JavaThread "Unconstrained build operations Thread 56" [_thread_blocked, id=11884, stack(0x000000876fe00000,0x000000876ff00000)]
  0x00000236b1ca09c0 JavaThread "Unconstrained build operations Thread 57" [_thread_blocked, id=7348, stack(0x000000876ff00000,0x0000008770000000)]
  0x00000236b1c9f580 JavaThread "Unconstrained build operations Thread 58" [_thread_blocked, id=2088, stack(0x0000008770000000,0x0000008770100000)]
  0x00000236b1ca6f00 JavaThread "Unconstrained build operations Thread 59" [_thread_blocked, id=9456, stack(0x0000008770100000,0x0000008770200000)]
  0x00000236b1c9fa90 JavaThread "Unconstrained build operations Thread 60" [_thread_blocked, id=12820, stack(0x0000008770200000,0x0000008770300000)]
  0x00000236b1ca0ed0 JavaThread "Unconstrained build operations Thread 61" [_thread_blocked, id=22220, stack(0x0000008770300000,0x0000008770400000)]
  0x00000236b1ca13e0 JavaThread "Unconstrained build operations Thread 62" [_thread_blocked, id=19348, stack(0x0000008770400000,0x0000008770500000)]
  0x00000236b1ca18f0 JavaThread "Unconstrained build operations Thread 63" [_thread_blocked, id=10672, stack(0x0000008770500000,0x0000008770600000)]
  0x0000023696cb7340 JavaThread "Unconstrained build operations Thread 64" [_thread_blocked, id=16196, stack(0x0000008770600000,0x0000008770700000)]
  0x0000023696cb59f0 JavaThread "Unconstrained build operations Thread 65" [_thread_blocked, id=13924, stack(0x0000008770700000,0x0000008770800000)]
  0x0000023696cb7850 JavaThread "Unconstrained build operations Thread 66" [_thread_blocked, id=11496, stack(0x0000008770800000,0x0000008770900000)]
  0x0000023696cb5f00 JavaThread "Unconstrained build operations Thread 67" [_thread_blocked, id=28980, stack(0x0000008770900000,0x0000008770a00000)]
  0x0000023696cb54e0 JavaThread "Unconstrained build operations Thread 68" [_thread_blocked, id=5756, stack(0x0000008770a00000,0x0000008770b00000)]
  0x0000023696cb8270 JavaThread "Unconstrained build operations Thread 69" [_thread_blocked, id=19040, stack(0x0000008770b00000,0x0000008770c00000)]
  0x0000023696cb6920 JavaThread "Unconstrained build operations Thread 70" [_thread_blocked, id=16492, stack(0x0000008770c00000,0x0000008770d00000)]
  0x0000023696cb8780 JavaThread "Unconstrained build operations Thread 71" [_thread_blocked, id=5744, stack(0x0000008770d00000,0x0000008770e00000)]
  0x0000023696cb6410 JavaThread "Unconstrained build operations Thread 72" [_thread_blocked, id=1244, stack(0x0000008770e00000,0x0000008770f00000)]
  0x0000023696cb7d60 JavaThread "Unconstrained build operations Thread 73" [_thread_blocked, id=6532, stack(0x0000008770f00000,0x0000008771000000)]
  0x0000023696cb6e30 JavaThread "Unconstrained build operations Thread 74" [_thread_blocked, id=18916, stack(0x0000008771000000,0x0000008771100000)]
  0x0000023696cb4fd0 JavaThread "Unconstrained build operations Thread 75" [_thread_blocked, id=10620, stack(0x0000008771100000,0x0000008771200000)]
  0x00000236b259d070 JavaThread "Unconstrained build operations Thread 76" [_thread_blocked, id=22900, stack(0x0000008771200000,0x0000008771300000)]
  0x00000236b259a2e0 JavaThread "Unconstrained build operations Thread 77" [_thread_blocked, id=24420, stack(0x0000008771300000,0x0000008771400000)]
  0x00000236b259ad00 JavaThread "Unconstrained build operations Thread 78" [_thread_blocked, id=23336, stack(0x0000008771400000,0x0000008771500000)]
  0x00000236b259a7f0 JavaThread "Unconstrained build operations Thread 79" [_thread_blocked, id=20696, stack(0x0000008771500000,0x0000008771600000)]
  0x00000236b259cb60 JavaThread "Unconstrained build operations Thread 80" [_thread_blocked, id=29156, stack(0x0000008771600000,0x0000008771700000)]
  0x00000236b259b720 JavaThread "included builds" [_thread_blocked, id=20820, stack(0x0000008771700000,0x0000008771800000)]
  0x00000236b259bc30 JavaThread "Execution worker" [_thread_in_Java, id=7844, stack(0x0000008771800000,0x0000008771900000)]
  0x00000236b2598480 JavaThread "Execution worker Thread 2" [_thread_blocked, id=31084, stack(0x0000008771900000,0x0000008771a00000)]
  0x00000236b259c140 JavaThread "Execution worker Thread 3" [_thread_blocked, id=25928, stack(0x0000008771a00000,0x0000008771b00000)]
  0x00000236b259d580 JavaThread "Execution worker Thread 4" [_thread_blocked, id=16160, stack(0x0000008771b00000,0x0000008771c00000)]
  0x00000236b259e4b0 JavaThread "Execution worker Thread 5" [_thread_blocked, id=7856, stack(0x0000008771c00000,0x0000008771d00000)]
  0x00000236b259f8f0 JavaThread "Execution worker Thread 6" [_thread_blocked, id=25432, stack(0x0000008771d00000,0x0000008771e00000)]
  0x00000236b259c650 JavaThread "Execution worker Thread 7" [_thread_blocked, id=11476, stack(0x0000008771e00000,0x0000008771f00000)]
  0x00000236b259da90 JavaThread "Cache worker for execution history cache (C:\fullstack405\spring\SleepOn\.gradle\8.8\executionHistory)" [_thread_blocked, id=21604, stack(0x0000008771f00000,0x0000008772000000)]

Other Threads:
  0x00000236fdcf16b0 VMThread "VM Thread" [stack: 0x0000008768b00000,0x0000008768c00000] [id=7260]
  0x00000236f9bde6a0 WatcherThread [stack: 0x0000008769700000,0x0000008769800000] [id=5280]
  0x00000236f9c0b220 GCTaskThread "GC Thread#0" [stack: 0x0000008768600000,0x0000008768700000] [id=25776]
  0x00000236b02c8bb0 GCTaskThread "GC Thread#1" [stack: 0x0000008769900000,0x0000008769a00000] [id=16212]
  0x00000236b02c8e70 GCTaskThread "GC Thread#2" [stack: 0x0000008769a00000,0x0000008769b00000] [id=5320]
  0x00000236b09dc640 GCTaskThread "GC Thread#3" [stack: 0x0000008769b00000,0x0000008769c00000] [id=31180]
  0x00000236b09dc900 GCTaskThread "GC Thread#4" [stack: 0x0000008769c00000,0x0000008769d00000] [id=18412]
  0x00000236b09dcbc0 GCTaskThread "GC Thread#5" [stack: 0x0000008769d00000,0x0000008769e00000] [id=2624]
  0x00000236b2948060 GCTaskThread "GC Thread#6" [stack: 0x000000876aa00000,0x000000876ab00000] [id=1968]
  0x00000236b2627e20 GCTaskThread "GC Thread#7" [stack: 0x000000876ab00000,0x000000876ac00000] [id=16308]
  0x00000236f9c10170 ConcurrentGCThread "G1 Main Marker" [stack: 0x0000008768700000,0x0000008768800000] [id=16508]
  0x00000236f9c10b90 ConcurrentGCThread "G1 Conc#0" [stack: 0x0000008768800000,0x0000008768900000] [id=11268]
  0x00000236b2b1c060 ConcurrentGCThread "G1 Conc#1" [stack: 0x000000876af00000,0x000000876b000000] [id=31204]
  0x00000236f9c8df50 ConcurrentGCThread "G1 Refine#0" [stack: 0x0000008768900000,0x0000008768a00000] [id=31404]
  0x00000236b2c75950 ConcurrentGCThread "G1 Refine#1" [stack: 0x000000876bb00000,0x000000876bc00000] [id=17148]
  0x00000236f9c8e980 ConcurrentGCThread "G1 Service" [stack: 0x0000008768a00000,0x0000008768b00000] [id=27264]

Threads with active compile tasks:
C2 CompilerThread0    26013 8441   !   4       io.spring.gradle.dependencymanagement.org.codehaus.plexus.interpolation.StringSearchInterpolator::interpolate (668 bytes)
C2 CompilerThread1    26013 8519 %     4       org.gradle.internal.instantiation.generator.AbstractClassGenerator::inspectType @ 107 (560 bytes)

VM state: not at safepoint (normal execution)

VM Mutex/Monitor currently owned by a thread: None

Heap address: 0x00000000e0000000, size: 512 MB, Compressed Oops mode: 32-bit

CDS archive(s) mapped at: [0x0000023697000000-0x0000023697bb0000-0x0000023697bb0000), size 12255232, SharedBaseAddress: 0x0000023697000000, ArchiveRelocationMode: 1.
Compressed class space mapped at: 0x0000023698000000-0x00000236ac000000, reserved size: 335544320
Narrow klass base: 0x0000023697000000, Narrow klass shift: 0, Narrow klass range: 0x100000000

GC Precious Log:
 CPUs: 8 total, 8 available
 Memory: 7901M
 Large Page Support: Disabled
 NUMA Support: Disabled
 Compressed Oops: Enabled (32-bit)
 Heap Region Size: 1M
 Heap Min Capacity: 256M
 Heap Initial Capacity: 256M
 Heap Max Capacity: 512M
 Pre-touch: Disabled
 Parallel Workers: 8
 Concurrent Workers: 2
 Concurrent Refinement Workers: 8
 Periodic GC: Disabled

Heap:
 garbage-first heap   total 262144K, used 176932K [0x00000000e0000000, 0x0000000100000000)
  region size 1024K, 142 young (145408K), 9 survivors (9216K)
 Metaspace       used 54337K, committed 54912K, reserved 393216K
  class space    used 7653K, committed 7936K, reserved 327680K

Heap Regions: E=young(eden), S=young(survivor), O=old, HS=humongous(starts), HC=humongous(continues), CS=collection set, F=free, OA=open archive, CA=closed archive, TAMS=top-at-mark-start (previous, next)
|   0|0x00000000e0000000, 0x00000000e0100000, 0x00000000e0100000|100%|HS|  |TAMS 0x00000000e0100000, 0x00000000e0000000| Complete 
|   1|0x00000000e0100000, 0x00000000e0200000, 0x00000000e0200000|100%|HC|  |TAMS 0x00000000e0200000, 0x00000000e0100000| Complete 
|   2|0x00000000e0200000, 0x00000000e0300000, 0x00000000e0300000|100%|HC|  |TAMS 0x00000000e0300000, 0x00000000e0200000| Complete 
|   3|0x00000000e0300000, 0x00000000e0400000, 0x00000000e0400000|100%|HC|  |TAMS 0x00000000e0400000, 0x00000000e0300000| Complete 
|   4|0x00000000e0400000, 0x00000000e0400000, 0x00000000e0500000|  0%| F|  |TAMS 0x00000000e0400000, 0x00000000e0400000| Untracked 
|   5|0x00000000e0500000, 0x00000000e0600000, 0x00000000e0600000|100%| O|  |TAMS 0x00000000e0600000, 0x00000000e0500000| Untracked 
|   6|0x00000000e0600000, 0x00000000e0700000, 0x00000000e0700000|100%| O|  |TAMS 0x00000000e0700000, 0x00000000e0600000| Untracked 
|   7|0x00000000e0700000, 0x00000000e0800000, 0x00000000e0800000|100%| O|  |TAMS 0x00000000e0800000, 0x00000000e0700000| Untracked 
|   8|0x00000000e0800000, 0x00000000e0900000, 0x00000000e0900000|100%| O|  |TAMS 0x00000000e0900000, 0x00000000e0800000| Untracked 
|   9|0x00000000e0900000, 0x00000000e0a00000, 0x00000000e0a00000|100%| O|  |TAMS 0x00000000e0a00000, 0x00000000e0900000| Untracked 
|  10|0x00000000e0a00000, 0x00000000e0b00000, 0x00000000e0b00000|100%| O|  |TAMS 0x00000000e0b00000, 0x00000000e0a00000| Untracked 
|  11|0x00000000e0b00000, 0x00000000e0c00000, 0x00000000e0c00000|100%|HS|  |TAMS 0x00000000e0c00000, 0x00000000e0b00000| Complete 
|  12|0x00000000e0c00000, 0x00000000e0d00000, 0x00000000e0d00000|100%| O|  |TAMS 0x00000000e0d00000, 0x00000000e0c00000| Untracked 
|  13|0x00000000e0d00000, 0x00000000e0e00000, 0x00000000e0e00000|100%| O|  |TAMS 0x00000000e0e00000, 0x00000000e0d00000| Untracked 
|  14|0x00000000e0e00000, 0x00000000e0f00000, 0x00000000e0f00000|100%| O|  |TAMS 0x00000000e0f00000, 0x00000000e0e00000| Untracked 
|  15|0x00000000e0f00000, 0x00000000e1000000, 0x00000000e1000000|100%| O|  |TAMS 0x00000000e1000000, 0x00000000e0f00000| Untracked 
|  16|0x00000000e1000000, 0x00000000e1100000, 0x00000000e1100000|100%| O|  |TAMS 0x00000000e1100000, 0x00000000e1000000| Untracked 
|  17|0x00000000e1100000, 0x00000000e1200000, 0x00000000e1200000|100%| O|  |TAMS 0x00000000e1200000, 0x00000000e1100000| Untracked 
|  18|0x00000000e1200000, 0x00000000e1300000, 0x00000000e1300000|100%| O|  |TAMS 0x00000000e1300000, 0x00000000e1200000| Untracked 
|  19|0x00000000e1300000, 0x00000000e1400000, 0x00000000e1400000|100%| O|  |TAMS 0x00000000e1400000, 0x00000000e1300000| Untracked 
|  20|0x00000000e1400000, 0x00000000e1500000, 0x00000000e1500000|100%| O|  |TAMS 0x00000000e1500000, 0x00000000e1400000| Untracked 
|  21|0x00000000e1500000, 0x00000000e1600000, 0x00000000e1600000|100%| O|  |TAMS 0x00000000e1600000, 0x00000000e1500000| Untracked 
|  22|0x00000000e1600000, 0x00000000e1700000, 0x00000000e1700000|100%| O|  |TAMS 0x00000000e1700000, 0x00000000e1600000| Untracked 
|  23|0x00000000e1700000, 0x00000000e1800000, 0x00000000e1800000|100%| O|  |TAMS 0x00000000e1800000, 0x00000000e1700000| Untracked 
|  24|0x00000000e1800000, 0x00000000e1900000, 0x00000000e1900000|100%| O|  |TAMS 0x00000000e1900000, 0x00000000e1800000| Untracked 
|  25|0x00000000e1900000, 0x00000000e1a00000, 0x00000000e1a00000|100%| O|  |TAMS 0x00000000e1a00000, 0x00000000e1900000| Untracked 
|  26|0x00000000e1a00000, 0x00000000e1b00000, 0x00000000e1b00000|100%| O|  |TAMS 0x00000000e1b00000, 0x00000000e1a00000| Untracked 
|  27|0x00000000e1b00000, 0x00000000e1c00000, 0x00000000e1c00000|100%| O|  |TAMS 0x00000000e1c00000, 0x00000000e1b00000| Untracked 
|  28|0x00000000e1c00000, 0x00000000e1d00000, 0x00000000e1d00000|100%| O|  |TAMS 0x00000000e1d00000, 0x00000000e1c00000| Untracked 
|  29|0x00000000e1d00000, 0x00000000e1e00000, 0x00000000e1e00000|100%| O|  |TAMS 0x00000000e1e00000, 0x00000000e1d00000| Untracked 
|  30|0x00000000e1e00000, 0x00000000e1f00000, 0x00000000e1f00000|100%| O|  |TAMS 0x00000000e1f00000, 0x00000000e1e00000| Untracked 
|  31|0x00000000e1f00000, 0x00000000e2000000, 0x00000000e2000000|100%| O|  |TAMS 0x00000000e2000000, 0x00000000e1f00000| Untracked 
|  32|0x00000000e2000000, 0x00000000e20ef200, 0x00000000e2100000| 93%| O|  |TAMS 0x00000000e20ef200, 0x00000000e2000000| Untracked 
|  33|0x00000000e2100000, 0x00000000e2100000, 0x00000000e2200000|  0%| F|  |TAMS 0x00000000e2100000, 0x00000000e2100000| Untracked 
|  34|0x00000000e2200000, 0x00000000e2200000, 0x00000000e2300000|  0%| F|  |TAMS 0x00000000e2200000, 0x00000000e2200000| Untracked 
|  35|0x00000000e2300000, 0x00000000e2300000, 0x00000000e2400000|  0%| F|  |TAMS 0x00000000e2300000, 0x00000000e2300000| Untracked 
|  36|0x00000000e2400000, 0x00000000e2400000, 0x00000000e2500000|  0%| F|  |TAMS 0x00000000e2400000, 0x00000000e2400000| Untracked 
|  37|0x00000000e2500000, 0x00000000e2500000, 0x00000000e2600000|  0%| F|  |TAMS 0x00000000e2500000, 0x00000000e2500000| Untracked 
|  38|0x00000000e2600000, 0x00000000e2600000, 0x00000000e2700000|  0%| F|  |TAMS 0x00000000e2600000, 0x00000000e2600000| Untracked 
|  39|0x00000000e2700000, 0x00000000e2700000, 0x00000000e2800000|  0%| F|  |TAMS 0x00000000e2700000, 0x00000000e2700000| Untracked 
|  40|0x00000000e2800000, 0x00000000e2800000, 0x00000000e2900000|  0%| F|  |TAMS 0x00000000e2800000, 0x00000000e2800000| Untracked 
|  41|0x00000000e2900000, 0x00000000e2900000, 0x00000000e2a00000|  0%| F|  |TAMS 0x00000000e2900000, 0x00000000e2900000| Untracked 
|  42|0x00000000e2a00000, 0x00000000e2a00000, 0x00000000e2b00000|  0%| F|  |TAMS 0x00000000e2a00000, 0x00000000e2a00000| Untracked 
|  43|0x00000000e2b00000, 0x00000000e2b00000, 0x00000000e2c00000|  0%| F|  |TAMS 0x00000000e2b00000, 0x00000000e2b00000| Untracked 
|  44|0x00000000e2c00000, 0x00000000e2c00000, 0x00000000e2d00000|  0%| F|  |TAMS 0x00000000e2c00000, 0x00000000e2c00000| Untracked 
|  45|0x00000000e2d00000, 0x00000000e2d00000, 0x00000000e2e00000|  0%| F|  |TAMS 0x00000000e2d00000, 0x00000000e2d00000| Untracked 
|  46|0x00000000e2e00000, 0x00000000e2e00000, 0x00000000e2f00000|  0%| F|  |TAMS 0x00000000e2e00000, 0x00000000e2e00000| Untracked 
|  47|0x00000000e2f00000, 0x00000000e2f00000, 0x00000000e3000000|  0%| F|  |TAMS 0x00000000e2f00000, 0x00000000e2f00000| Untracked 
|  48|0x00000000e3000000, 0x00000000e3000000, 0x00000000e3100000|  0%| F|  |TAMS 0x00000000e3000000, 0x00000000e3000000| Untracked 
|  49|0x00000000e3100000, 0x00000000e3100000, 0x00000000e3200000|  0%| F|  |TAMS 0x00000000e3100000, 0x00000000e3100000| Untracked 
|  50|0x00000000e3200000, 0x00000000e3200000, 0x00000000e3300000|  0%| F|  |TAMS 0x00000000e3200000, 0x00000000e3200000| Untracked 
|  51|0x00000000e3300000, 0x00000000e3300000, 0x00000000e3400000|  0%| F|  |TAMS 0x00000000e3300000, 0x00000000e3300000| Untracked 
|  52|0x00000000e3400000, 0x00000000e3400000, 0x00000000e3500000|  0%| F|  |TAMS 0x00000000e3400000, 0x00000000e3400000| Untracked 
|  53|0x00000000e3500000, 0x00000000e3500000, 0x00000000e3600000|  0%| F|  |TAMS 0x00000000e3500000, 0x00000000e3500000| Untracked 
|  54|0x00000000e3600000, 0x00000000e3600000, 0x00000000e3700000|  0%| F|  |TAMS 0x00000000e3600000, 0x00000000e3600000| Untracked 
|  55|0x00000000e3700000, 0x00000000e3700000, 0x00000000e3800000|  0%| F|  |TAMS 0x00000000e3700000, 0x00000000e3700000| Untracked 
|  56|0x00000000e3800000, 0x00000000e3800000, 0x00000000e3900000|  0%| F|  |TAMS 0x00000000e3800000, 0x00000000e3800000| Untracked 
|  57|0x00000000e3900000, 0x00000000e3900000, 0x00000000e3a00000|  0%| F|  |TAMS 0x00000000e3900000, 0x00000000e3900000| Untracked 
|  58|0x00000000e3a00000, 0x00000000e3a00000, 0x00000000e3b00000|  0%| F|  |TAMS 0x00000000e3a00000, 0x00000000e3a00000| Untracked 
|  59|0x00000000e3b00000, 0x00000000e3b00000, 0x00000000e3c00000|  0%| F|  |TAMS 0x00000000e3b00000, 0x00000000e3b00000| Untracked 
|  60|0x00000000e3c00000, 0x00000000e3c00000, 0x00000000e3d00000|  0%| F|  |TAMS 0x00000000e3c00000, 0x00000000e3c00000| Untracked 
|  61|0x00000000e3d00000, 0x00000000e3d00000, 0x00000000e3e00000|  0%| F|  |TAMS 0x00000000e3d00000, 0x00000000e3d00000| Untracked 
|  62|0x00000000e3e00000, 0x00000000e3e00000, 0x00000000e3f00000|  0%| F|  |TAMS 0x00000000e3e00000, 0x00000000e3e00000| Untracked 
|  63|0x00000000e3f00000, 0x00000000e3f00000, 0x00000000e4000000|  0%| F|  |TAMS 0x00000000e3f00000, 0x00000000e3f00000| Untracked 
|  64|0x00000000e4000000, 0x00000000e4000000, 0x00000000e4100000|  0%| F|  |TAMS 0x00000000e4000000, 0x00000000e4000000| Untracked 
|  65|0x00000000e4100000, 0x00000000e4100000, 0x00000000e4200000|  0%| F|  |TAMS 0x00000000e4100000, 0x00000000e4100000| Untracked 
|  66|0x00000000e4200000, 0x00000000e4200000, 0x00000000e4300000|  0%| F|  |TAMS 0x00000000e4200000, 0x00000000e4200000| Untracked 
|  67|0x00000000e4300000, 0x00000000e4300000, 0x00000000e4400000|  0%| F|  |TAMS 0x00000000e4300000, 0x00000000e4300000| Untracked 
|  68|0x00000000e4400000, 0x00000000e4400000, 0x00000000e4500000|  0%| F|  |TAMS 0x00000000e4400000, 0x00000000e4400000| Untracked 
|  69|0x00000000e4500000, 0x00000000e4500000, 0x00000000e4600000|  0%| F|  |TAMS 0x00000000e4500000, 0x00000000e4500000| Untracked 
|  70|0x00000000e4600000, 0x00000000e4600000, 0x00000000e4700000|  0%| F|  |TAMS 0x00000000e4600000, 0x00000000e4600000| Untracked 
|  71|0x00000000e4700000, 0x00000000e4700000, 0x00000000e4800000|  0%| F|  |TAMS 0x00000000e4700000, 0x00000000e4700000| Untracked 
|  72|0x00000000e4800000, 0x00000000e4800000, 0x00000000e4900000|  0%| F|  |TAMS 0x00000000e4800000, 0x00000000e4800000| Untracked 
|  73|0x00000000e4900000, 0x00000000e4900000, 0x00000000e4a00000|  0%| F|  |TAMS 0x00000000e4900000, 0x00000000e4900000| Untracked 
|  74|0x00000000e4a00000, 0x00000000e4a00000, 0x00000000e4b00000|  0%| F|  |TAMS 0x00000000e4a00000, 0x00000000e4a00000| Untracked 
|  75|0x00000000e4b00000, 0x00000000e4b00000, 0x00000000e4c00000|  0%| F|  |TAMS 0x00000000e4b00000, 0x00000000e4b00000| Untracked 
|  76|0x00000000e4c00000, 0x00000000e4c00000, 0x00000000e4d00000|  0%| F|  |TAMS 0x00000000e4c00000, 0x00000000e4c00000| Untracked 
|  77|0x00000000e4d00000, 0x00000000e4d00000, 0x00000000e4e00000|  0%| F|  |TAMS 0x00000000e4d00000, 0x00000000e4d00000| Untracked 
|  78|0x00000000e4e00000, 0x00000000e4e00000, 0x00000000e4f00000|  0%| F|  |TAMS 0x00000000e4e00000, 0x00000000e4e00000| Untracked 
|  79|0x00000000e4f00000, 0x00000000e4f00000, 0x00000000e5000000|  0%| F|  |TAMS 0x00000000e4f00000, 0x00000000e4f00000| Untracked 
|  80|0x00000000e5000000, 0x00000000e5000000, 0x00000000e5100000|  0%| F|  |TAMS 0x00000000e5000000, 0x00000000e5000000| Untracked 
|  81|0x00000000e5100000, 0x00000000e5100000, 0x00000000e5200000|  0%| F|  |TAMS 0x00000000e5100000, 0x00000000e5100000| Untracked 
|  82|0x00000000e5200000, 0x00000000e5200000, 0x00000000e5300000|  0%| F|  |TAMS 0x00000000e5200000, 0x00000000e5200000| Untracked 
|  83|0x00000000e5300000, 0x00000000e5300000, 0x00000000e5400000|  0%| F|  |TAMS 0x00000000e5300000, 0x00000000e5300000| Untracked 
|  84|0x00000000e5400000, 0x00000000e5400000, 0x00000000e5500000|  0%| F|  |TAMS 0x00000000e5400000, 0x00000000e5400000| Untracked 
|  85|0x00000000e5500000, 0x00000000e5500000, 0x00000000e5600000|  0%| F|  |TAMS 0x00000000e5500000, 0x00000000e5500000| Untracked 
|  86|0x00000000e5600000, 0x00000000e5600000, 0x00000000e5700000|  0%| F|  |TAMS 0x00000000e5600000, 0x00000000e5600000| Untracked 
|  87|0x00000000e5700000, 0x00000000e5700000, 0x00000000e5800000|  0%| F|  |TAMS 0x00000000e5700000, 0x00000000e5700000| Untracked 
|  88|0x00000000e5800000, 0x00000000e5800000, 0x00000000e5900000|  0%| F|  |TAMS 0x00000000e5800000, 0x00000000e5800000| Untracked 
|  89|0x00000000e5900000, 0x00000000e5900000, 0x00000000e5a00000|  0%| F|  |TAMS 0x00000000e5900000, 0x00000000e5900000| Untracked 
|  90|0x00000000e5a00000, 0x00000000e5a00000, 0x00000000e5b00000|  0%| F|  |TAMS 0x00000000e5a00000, 0x00000000e5a00000| Untracked 
|  91|0x00000000e5b00000, 0x00000000e5b00000, 0x00000000e5c00000|  0%| F|  |TAMS 0x00000000e5b00000, 0x00000000e5b00000| Untracked 
|  92|0x00000000e5c00000, 0x00000000e5c00000, 0x00000000e5d00000|  0%| F|  |TAMS 0x00000000e5c00000, 0x00000000e5c00000| Untracked 
|  93|0x00000000e5d00000, 0x00000000e5d00000, 0x00000000e5e00000|  0%| F|  |TAMS 0x00000000e5d00000, 0x00000000e5d00000| Untracked 
|  94|0x00000000e5e00000, 0x00000000e5ed9e00, 0x00000000e5f00000| 85%| S|CS|TAMS 0x00000000e5e00000, 0x00000000e5e00000| Complete 
|  95|0x00000000e5f00000, 0x00000000e6000000, 0x00000000e6000000|100%| S|CS|TAMS 0x00000000e5f00000, 0x00000000e5f00000| Complete 
|  96|0x00000000e6000000, 0x00000000e6100000, 0x00000000e6100000|100%| S|CS|TAMS 0x00000000e6000000, 0x00000000e6000000| Complete 
|  97|0x00000000e6100000, 0x00000000e6200000, 0x00000000e6200000|100%| S|CS|TAMS 0x00000000e6100000, 0x00000000e6100000| Complete 
|  98|0x00000000e6200000, 0x00000000e6300000, 0x00000000e6300000|100%| S|CS|TAMS 0x00000000e6200000, 0x00000000e6200000| Complete 
|  99|0x00000000e6300000, 0x00000000e6400000, 0x00000000e6400000|100%| S|CS|TAMS 0x00000000e6300000, 0x00000000e6300000| Complete 
| 100|0x00000000e6400000, 0x00000000e6500000, 0x00000000e6500000|100%| S|CS|TAMS 0x00000000e6400000, 0x00000000e6400000| Complete 
| 101|0x00000000e6500000, 0x00000000e6600000, 0x00000000e6600000|100%| S|CS|TAMS 0x00000000e6500000, 0x00000000e6500000| Complete 
| 102|0x00000000e6600000, 0x00000000e6700000, 0x00000000e6700000|100%| S|CS|TAMS 0x00000000e6600000, 0x00000000e6600000| Complete 
| 103|0x00000000e6700000, 0x00000000e6700000, 0x00000000e6800000|  0%| F|  |TAMS 0x00000000e6700000, 0x00000000e6700000| Untracked 
| 104|0x00000000e6800000, 0x00000000e6800000, 0x00000000e6900000|  0%| F|  |TAMS 0x00000000e6800000, 0x00000000e6800000| Untracked 
| 105|0x00000000e6900000, 0x00000000e6900000, 0x00000000e6a00000|  0%| F|  |TAMS 0x00000000e6900000, 0x00000000e6900000| Untracked 
| 106|0x00000000e6a00000, 0x00000000e6a00000, 0x00000000e6b00000|  0%| F|  |TAMS 0x00000000e6a00000, 0x00000000e6a00000| Untracked 
| 107|0x00000000e6b00000, 0x00000000e6b00000, 0x00000000e6c00000|  0%| F|  |TAMS 0x00000000e6b00000, 0x00000000e6b00000| Untracked 
| 108|0x00000000e6c00000, 0x00000000e6c00000, 0x00000000e6d00000|  0%| F|  |TAMS 0x00000000e6c00000, 0x00000000e6c00000| Untracked 
| 109|0x00000000e6d00000, 0x00000000e6d00000, 0x00000000e6e00000|  0%| F|  |TAMS 0x00000000e6d00000, 0x00000000e6d00000| Untracked 
| 110|0x00000000e6e00000, 0x00000000e6e00000, 0x00000000e6f00000|  0%| F|  |TAMS 0x00000000e6e00000, 0x00000000e6e00000| Untracked 
| 111|0x00000000e6f00000, 0x00000000e6f00000, 0x00000000e7000000|  0%| F|  |TAMS 0x00000000e6f00000, 0x00000000e6f00000| Untracked 
| 112|0x00000000e7000000, 0x00000000e7000000, 0x00000000e7100000|  0%| F|  |TAMS 0x00000000e7000000, 0x00000000e7000000| Untracked 
| 113|0x00000000e7100000, 0x00000000e7100000, 0x00000000e7200000|  0%| F|  |TAMS 0x00000000e7100000, 0x00000000e7100000| Untracked 
| 114|0x00000000e7200000, 0x00000000e7200000, 0x00000000e7300000|  0%| F|  |TAMS 0x00000000e7200000, 0x00000000e7200000| Untracked 
| 115|0x00000000e7300000, 0x00000000e7300000, 0x00000000e7400000|  0%| F|  |TAMS 0x00000000e7300000, 0x00000000e7300000| Untracked 
| 116|0x00000000e7400000, 0x00000000e7400000, 0x00000000e7500000|  0%| F|  |TAMS 0x00000000e7400000, 0x00000000e7400000| Untracked 
| 117|0x00000000e7500000, 0x00000000e7500000, 0x00000000e7600000|  0%| F|  |TAMS 0x00000000e7500000, 0x00000000e7500000| Untracked 
| 118|0x00000000e7600000, 0x00000000e7600000, 0x00000000e7700000|  0%| F|  |TAMS 0x00000000e7600000, 0x00000000e7600000| Untracked 
| 119|0x00000000e7700000, 0x00000000e7700000, 0x00000000e7800000|  0%| F|  |TAMS 0x00000000e7700000, 0x00000000e7700000| Untracked 
| 120|0x00000000e7800000, 0x00000000e7800000, 0x00000000e7900000|  0%| F|  |TAMS 0x00000000e7800000, 0x00000000e7800000| Untracked 
| 121|0x00000000e7900000, 0x00000000e7900000, 0x00000000e7a00000|  0%| F|  |TAMS 0x00000000e7900000, 0x00000000e7900000| Untracked 
| 122|0x00000000e7a00000, 0x00000000e7a60050, 0x00000000e7b00000| 37%| E|  |TAMS 0x00000000e7a00000, 0x00000000e7a00000| Complete 
| 123|0x00000000e7b00000, 0x00000000e7c00000, 0x00000000e7c00000|100%| E|CS|TAMS 0x00000000e7b00000, 0x00000000e7b00000| Complete 
| 124|0x00000000e7c00000, 0x00000000e7d00000, 0x00000000e7d00000|100%| E|CS|TAMS 0x00000000e7c00000, 0x00000000e7c00000| Complete 
| 125|0x00000000e7d00000, 0x00000000e7e00000, 0x00000000e7e00000|100%| E|CS|TAMS 0x00000000e7d00000, 0x00000000e7d00000| Complete 
| 126|0x00000000e7e00000, 0x00000000e7f00000, 0x00000000e7f00000|100%| E|CS|TAMS 0x00000000e7e00000, 0x00000000e7e00000| Complete 
| 127|0x00000000e7f00000, 0x00000000e8000000, 0x00000000e8000000|100%| E|CS|TAMS 0x00000000e7f00000, 0x00000000e7f00000| Complete 
| 128|0x00000000e8000000, 0x00000000e8100000, 0x00000000e8100000|100%| E|CS|TAMS 0x00000000e8000000, 0x00000000e8000000| Complete 
| 129|0x00000000e8100000, 0x00000000e8200000, 0x00000000e8200000|100%| E|CS|TAMS 0x00000000e8100000, 0x00000000e8100000| Complete 
| 130|0x00000000e8200000, 0x00000000e8300000, 0x00000000e8300000|100%| E|CS|TAMS 0x00000000e8200000, 0x00000000e8200000| Complete 
| 131|0x00000000e8300000, 0x00000000e8400000, 0x00000000e8400000|100%| E|CS|TAMS 0x00000000e8300000, 0x00000000e8300000| Complete 
| 132|0x00000000e8400000, 0x00000000e8500000, 0x00000000e8500000|100%| E|CS|TAMS 0x00000000e8400000, 0x00000000e8400000| Complete 
| 133|0x00000000e8500000, 0x00000000e8600000, 0x00000000e8600000|100%| E|CS|TAMS 0x00000000e8500000, 0x00000000e8500000| Complete 
| 134|0x00000000e8600000, 0x00000000e8700000, 0x00000000e8700000|100%| E|CS|TAMS 0x00000000e8600000, 0x00000000e8600000| Complete 
| 135|0x00000000e8700000, 0x00000000e8800000, 0x00000000e8800000|100%| E|CS|TAMS 0x00000000e8700000, 0x00000000e8700000| Complete 
| 136|0x00000000e8800000, 0x00000000e8900000, 0x00000000e8900000|100%| E|CS|TAMS 0x00000000e8800000, 0x00000000e8800000| Complete 
| 137|0x00000000e8900000, 0x00000000e8a00000, 0x00000000e8a00000|100%| E|CS|TAMS 0x00000000e8900000, 0x00000000e8900000| Complete 
| 138|0x00000000e8a00000, 0x00000000e8b00000, 0x00000000e8b00000|100%| E|CS|TAMS 0x00000000e8a00000, 0x00000000e8a00000| Complete 
| 139|0x00000000e8b00000, 0x00000000e8c00000, 0x00000000e8c00000|100%| E|CS|TAMS 0x00000000e8b00000, 0x00000000e8b00000| Complete 
| 140|0x00000000e8c00000, 0x00000000e8d00000, 0x00000000e8d00000|100%| E|CS|TAMS 0x00000000e8c00000, 0x00000000e8c00000| Complete 
| 141|0x00000000e8d00000, 0x00000000e8e00000, 0x00000000e8e00000|100%| E|CS|TAMS 0x00000000e8d00000, 0x00000000e8d00000| Complete 
| 142|0x00000000e8e00000, 0x00000000e8f00000, 0x00000000e8f00000|100%| E|CS|TAMS 0x00000000e8e00000, 0x00000000e8e00000| Complete 
| 143|0x00000000e8f00000, 0x00000000e9000000, 0x00000000e9000000|100%| E|CS|TAMS 0x00000000e8f00000, 0x00000000e8f00000| Complete 
| 144|0x00000000e9000000, 0x00000000e9100000, 0x00000000e9100000|100%| E|CS|TAMS 0x00000000e9000000, 0x00000000e9000000| Complete 
| 145|0x00000000e9100000, 0x00000000e9200000, 0x00000000e9200000|100%| E|CS|TAMS 0x00000000e9100000, 0x00000000e9100000| Complete 
| 146|0x00000000e9200000, 0x00000000e9300000, 0x00000000e9300000|100%| E|CS|TAMS 0x00000000e9200000, 0x00000000e9200000| Complete 
| 147|0x00000000e9300000, 0x00000000e9400000, 0x00000000e9400000|100%| E|CS|TAMS 0x00000000e9300000, 0x00000000e9300000| Complete 
| 148|0x00000000e9400000, 0x00000000e9500000, 0x00000000e9500000|100%| E|CS|TAMS 0x00000000e9400000, 0x00000000e9400000| Complete 
| 149|0x00000000e9500000, 0x00000000e9600000, 0x00000000e9600000|100%| E|CS|TAMS 0x00000000e9500000, 0x00000000e9500000| Complete 
| 150|0x00000000e9600000, 0x00000000e9700000, 0x00000000e9700000|100%| E|CS|TAMS 0x00000000e9600000, 0x00000000e9600000| Complete 
| 151|0x00000000e9700000, 0x00000000e9800000, 0x00000000e9800000|100%| E|CS|TAMS 0x00000000e9700000, 0x00000000e9700000| Complete 
| 152|0x00000000e9800000, 0x00000000e9900000, 0x00000000e9900000|100%| E|CS|TAMS 0x00000000e9800000, 0x00000000e9800000| Complete 
| 153|0x00000000e9900000, 0x00000000e9a00000, 0x00000000e9a00000|100%| E|CS|TAMS 0x00000000e9900000, 0x00000000e9900000| Complete 
| 154|0x00000000e9a00000, 0x00000000e9b00000, 0x00000000e9b00000|100%| E|CS|TAMS 0x00000000e9a00000, 0x00000000e9a00000| Complete 
| 155|0x00000000e9b00000, 0x00000000e9c00000, 0x00000000e9c00000|100%| E|CS|TAMS 0x00000000e9b00000, 0x00000000e9b00000| Complete 
| 156|0x00000000e9c00000, 0x00000000e9d00000, 0x00000000e9d00000|100%| E|CS|TAMS 0x00000000e9c00000, 0x00000000e9c00000| Complete 
| 157|0x00000000e9d00000, 0x00000000e9e00000, 0x00000000e9e00000|100%| E|CS|TAMS 0x00000000e9d00000, 0x00000000e9d00000| Complete 
| 158|0x00000000e9e00000, 0x00000000e9f00000, 0x00000000e9f00000|100%| E|CS|TAMS 0x00000000e9e00000, 0x00000000e9e00000| Complete 
| 159|0x00000000e9f00000, 0x00000000ea000000, 0x00000000ea000000|100%| E|CS|TAMS 0x00000000e9f00000, 0x00000000e9f00000| Complete 
| 160|0x00000000ea000000, 0x00000000ea100000, 0x00000000ea100000|100%| E|CS|TAMS 0x00000000ea000000, 0x00000000ea000000| Complete 
| 161|0x00000000ea100000, 0x00000000ea200000, 0x00000000ea200000|100%| E|CS|TAMS 0x00000000ea100000, 0x00000000ea100000| Complete 
| 162|0x00000000ea200000, 0x00000000ea300000, 0x00000000ea300000|100%| E|CS|TAMS 0x00000000ea200000, 0x00000000ea200000| Complete 
| 163|0x00000000ea300000, 0x00000000ea400000, 0x00000000ea400000|100%| E|CS|TAMS 0x00000000ea300000, 0x00000000ea300000| Complete 
| 164|0x00000000ea400000, 0x00000000ea500000, 0x00000000ea500000|100%| E|CS|TAMS 0x00000000ea400000, 0x00000000ea400000| Complete 
| 165|0x00000000ea500000, 0x00000000ea600000, 0x00000000ea600000|100%| E|CS|TAMS 0x00000000ea500000, 0x00000000ea500000| Complete 
| 166|0x00000000ea600000, 0x00000000ea700000, 0x00000000ea700000|100%| E|CS|TAMS 0x00000000ea600000, 0x00000000ea600000| Complete 
| 167|0x00000000ea700000, 0x00000000ea800000, 0x00000000ea800000|100%| E|CS|TAMS 0x00000000ea700000, 0x00000000ea700000| Complete 
| 168|0x00000000ea800000, 0x00000000ea900000, 0x00000000ea900000|100%| E|CS|TAMS 0x00000000ea800000, 0x00000000ea800000| Complete 
| 169|0x00000000ea900000, 0x00000000eaa00000, 0x00000000eaa00000|100%| E|CS|TAMS 0x00000000ea900000, 0x00000000ea900000| Complete 
| 170|0x00000000eaa00000, 0x00000000eab00000, 0x00000000eab00000|100%| E|CS|TAMS 0x00000000eaa00000, 0x00000000eaa00000| Complete 
| 171|0x00000000eab00000, 0x00000000eac00000, 0x00000000eac00000|100%| E|CS|TAMS 0x00000000eab00000, 0x00000000eab00000| Complete 
| 172|0x00000000eac00000, 0x00000000ead00000, 0x00000000ead00000|100%| E|CS|TAMS 0x00000000eac00000, 0x00000000eac00000| Complete 
| 173|0x00000000ead00000, 0x00000000eae00000, 0x00000000eae00000|100%| E|CS|TAMS 0x00000000ead00000, 0x00000000ead00000| Complete 
| 174|0x00000000eae00000, 0x00000000eaf00000, 0x00000000eaf00000|100%| E|CS|TAMS 0x00000000eae00000, 0x00000000eae00000| Complete 
| 175|0x00000000eaf00000, 0x00000000eb000000, 0x00000000eb000000|100%| E|CS|TAMS 0x00000000eaf00000, 0x00000000eaf00000| Complete 
| 176|0x00000000eb000000, 0x00000000eb100000, 0x00000000eb100000|100%| E|CS|TAMS 0x00000000eb000000, 0x00000000eb000000| Complete 
| 177|0x00000000eb100000, 0x00000000eb200000, 0x00000000eb200000|100%| E|CS|TAMS 0x00000000eb100000, 0x00000000eb100000| Complete 
| 178|0x00000000eb200000, 0x00000000eb300000, 0x00000000eb300000|100%| E|CS|TAMS 0x00000000eb200000, 0x00000000eb200000| Complete 
| 179|0x00000000eb300000, 0x00000000eb400000, 0x00000000eb400000|100%| E|CS|TAMS 0x00000000eb300000, 0x00000000eb300000| Complete 
| 180|0x00000000eb400000, 0x00000000eb500000, 0x00000000eb500000|100%| E|CS|TAMS 0x00000000eb400000, 0x00000000eb400000| Complete 
| 181|0x00000000eb500000, 0x00000000eb600000, 0x00000000eb600000|100%| E|CS|TAMS 0x00000000eb500000, 0x00000000eb500000| Complete 
| 182|0x00000000eb600000, 0x00000000eb700000, 0x00000000eb700000|100%| E|CS|TAMS 0x00000000eb600000, 0x00000000eb600000| Complete 
| 183|0x00000000eb700000, 0x00000000eb800000, 0x00000000eb800000|100%| E|CS|TAMS 0x00000000eb700000, 0x00000000eb700000| Complete 
| 184|0x00000000eb800000, 0x00000000eb900000, 0x00000000eb900000|100%| E|CS|TAMS 0x00000000eb800000, 0x00000000eb800000| Complete 
| 185|0x00000000eb900000, 0x00000000eba00000, 0x00000000eba00000|100%| E|CS|TAMS 0x00000000eb900000, 0x00000000eb900000| Complete 
| 186|0x00000000eba00000, 0x00000000ebb00000, 0x00000000ebb00000|100%| E|CS|TAMS 0x00000000eba00000, 0x00000000eba00000| Complete 
| 187|0x00000000ebb00000, 0x00000000ebc00000, 0x00000000ebc00000|100%| E|CS|TAMS 0x00000000ebb00000, 0x00000000ebb00000| Complete 
| 188|0x00000000ebc00000, 0x00000000ebd00000, 0x00000000ebd00000|100%| E|CS|TAMS 0x00000000ebc00000, 0x00000000ebc00000| Complete 
| 189|0x00000000ebd00000, 0x00000000ebe00000, 0x00000000ebe00000|100%| E|CS|TAMS 0x00000000ebd00000, 0x00000000ebd00000| Complete 
| 190|0x00000000ebe00000, 0x00000000ebf00000, 0x00000000ebf00000|100%| E|CS|TAMS 0x00000000ebe00000, 0x00000000ebe00000| Complete 
| 191|0x00000000ebf00000, 0x00000000ec000000, 0x00000000ec000000|100%| E|CS|TAMS 0x00000000ebf00000, 0x00000000ebf00000| Complete 
| 192|0x00000000ec000000, 0x00000000ec100000, 0x00000000ec100000|100%| E|CS|TAMS 0x00000000ec000000, 0x00000000ec000000| Complete 
| 193|0x00000000ec100000, 0x00000000ec200000, 0x00000000ec200000|100%| E|CS|TAMS 0x00000000ec100000, 0x00000000ec100000| Complete 
| 194|0x00000000ec200000, 0x00000000ec300000, 0x00000000ec300000|100%| E|CS|TAMS 0x00000000ec200000, 0x00000000ec200000| Complete 
| 195|0x00000000ec300000, 0x00000000ec400000, 0x00000000ec400000|100%| E|CS|TAMS 0x00000000ec300000, 0x00000000ec300000| Complete 
| 196|0x00000000ec400000, 0x00000000ec500000, 0x00000000ec500000|100%| E|CS|TAMS 0x00000000ec400000, 0x00000000ec400000| Complete 
| 197|0x00000000ec500000, 0x00000000ec600000, 0x00000000ec600000|100%| E|CS|TAMS 0x00000000ec500000, 0x00000000ec500000| Complete 
| 198|0x00000000ec600000, 0x00000000ec700000, 0x00000000ec700000|100%| E|CS|TAMS 0x00000000ec600000, 0x00000000ec600000| Complete 
| 199|0x00000000ec700000, 0x00000000ec800000, 0x00000000ec800000|100%| E|CS|TAMS 0x00000000ec700000, 0x00000000ec700000| Complete 
| 200|0x00000000ec800000, 0x00000000ec900000, 0x00000000ec900000|100%| E|CS|TAMS 0x00000000ec800000, 0x00000000ec800000| Complete 
| 201|0x00000000ec900000, 0x00000000eca00000, 0x00000000eca00000|100%| E|CS|TAMS 0x00000000ec900000, 0x00000000ec900000| Complete 
| 202|0x00000000eca00000, 0x00000000ecb00000, 0x00000000ecb00000|100%| E|CS|TAMS 0x00000000eca00000, 0x00000000eca00000| Complete 
| 203|0x00000000ecb00000, 0x00000000ecc00000, 0x00000000ecc00000|100%| E|CS|TAMS 0x00000000ecb00000, 0x00000000ecb00000| Complete 
| 204|0x00000000ecc00000, 0x00000000ecd00000, 0x00000000ecd00000|100%| E|CS|TAMS 0x00000000ecc00000, 0x00000000ecc00000| Complete 
| 205|0x00000000ecd00000, 0x00000000ece00000, 0x00000000ece00000|100%| E|CS|TAMS 0x00000000ecd00000, 0x00000000ecd00000| Complete 
| 206|0x00000000ece00000, 0x00000000ecf00000, 0x00000000ecf00000|100%| E|CS|TAMS 0x00000000ece00000, 0x00000000ece00000| Complete 
| 207|0x00000000ecf00000, 0x00000000ed000000, 0x00000000ed000000|100%| E|CS|TAMS 0x00000000ecf00000, 0x00000000ecf00000| Complete 
| 208|0x00000000ed000000, 0x00000000ed100000, 0x00000000ed100000|100%| E|CS|TAMS 0x00000000ed000000, 0x00000000ed000000| Complete 
| 209|0x00000000ed100000, 0x00000000ed200000, 0x00000000ed200000|100%| E|CS|TAMS 0x00000000ed100000, 0x00000000ed100000| Complete 
| 210|0x00000000ed200000, 0x00000000ed300000, 0x00000000ed300000|100%| E|CS|TAMS 0x00000000ed200000, 0x00000000ed200000| Complete 
| 211|0x00000000ed300000, 0x00000000ed400000, 0x00000000ed400000|100%| E|CS|TAMS 0x00000000ed300000, 0x00000000ed300000| Complete 
| 212|0x00000000ed400000, 0x00000000ed500000, 0x00000000ed500000|100%| E|CS|TAMS 0x00000000ed400000, 0x00000000ed400000| Complete 
| 213|0x00000000ed500000, 0x00000000ed600000, 0x00000000ed600000|100%| E|CS|TAMS 0x00000000ed500000, 0x00000000ed500000| Complete 
| 214|0x00000000ed600000, 0x00000000ed700000, 0x00000000ed700000|100%| E|CS|TAMS 0x00000000ed600000, 0x00000000ed600000| Complete 
| 215|0x00000000ed700000, 0x00000000ed800000, 0x00000000ed800000|100%| E|CS|TAMS 0x00000000ed700000, 0x00000000ed700000| Complete 
| 216|0x00000000ed800000, 0x00000000ed900000, 0x00000000ed900000|100%| E|CS|TAMS 0x00000000ed800000, 0x00000000ed800000| Complete 
| 217|0x00000000ed900000, 0x00000000eda00000, 0x00000000eda00000|100%| E|CS|TAMS 0x00000000ed900000, 0x00000000ed900000| Complete 
| 218|0x00000000eda00000, 0x00000000edb00000, 0x00000000edb00000|100%| E|CS|TAMS 0x00000000eda00000, 0x00000000eda00000| Complete 
| 219|0x00000000edb00000, 0x00000000edc00000, 0x00000000edc00000|100%| E|CS|TAMS 0x00000000edb00000, 0x00000000edb00000| Complete 
| 220|0x00000000edc00000, 0x00000000edd00000, 0x00000000edd00000|100%| E|CS|TAMS 0x00000000edc00000, 0x00000000edc00000| Complete 
| 221|0x00000000edd00000, 0x00000000ede00000, 0x00000000ede00000|100%| E|CS|TAMS 0x00000000edd00000, 0x00000000edd00000| Complete 
| 222|0x00000000ede00000, 0x00000000edf00000, 0x00000000edf00000|100%| E|CS|TAMS 0x00000000ede00000, 0x00000000ede00000| Complete 
| 223|0x00000000edf00000, 0x00000000ee000000, 0x00000000ee000000|100%| E|CS|TAMS 0x00000000edf00000, 0x00000000edf00000| Complete 
| 224|0x00000000ee000000, 0x00000000ee100000, 0x00000000ee100000|100%| E|CS|TAMS 0x00000000ee000000, 0x00000000ee000000| Complete 
| 225|0x00000000ee100000, 0x00000000ee200000, 0x00000000ee200000|100%| E|CS|TAMS 0x00000000ee100000, 0x00000000ee100000| Complete 
| 226|0x00000000ee200000, 0x00000000ee300000, 0x00000000ee300000|100%| E|CS|TAMS 0x00000000ee200000, 0x00000000ee200000| Complete 
| 227|0x00000000ee300000, 0x00000000ee400000, 0x00000000ee400000|100%| E|CS|TAMS 0x00000000ee300000, 0x00000000ee300000| Complete 
| 228|0x00000000ee400000, 0x00000000ee500000, 0x00000000ee500000|100%| E|CS|TAMS 0x00000000ee400000, 0x00000000ee400000| Complete 
| 229|0x00000000ee500000, 0x00000000ee600000, 0x00000000ee600000|100%| E|CS|TAMS 0x00000000ee500000, 0x00000000ee500000| Complete 
| 230|0x00000000ee600000, 0x00000000ee700000, 0x00000000ee700000|100%| E|CS|TAMS 0x00000000ee600000, 0x00000000ee600000| Complete 
| 231|0x00000000ee700000, 0x00000000ee800000, 0x00000000ee800000|100%| E|CS|TAMS 0x00000000ee700000, 0x00000000ee700000| Complete 
| 232|0x00000000ee800000, 0x00000000ee900000, 0x00000000ee900000|100%| E|CS|TAMS 0x00000000ee800000, 0x00000000ee800000| Complete 
| 233|0x00000000ee900000, 0x00000000eea00000, 0x00000000eea00000|100%| E|CS|TAMS 0x00000000ee900000, 0x00000000ee900000| Complete 
| 234|0x00000000eea00000, 0x00000000eeb00000, 0x00000000eeb00000|100%| E|CS|TAMS 0x00000000eea00000, 0x00000000eea00000| Complete 
| 235|0x00000000eeb00000, 0x00000000eec00000, 0x00000000eec00000|100%| E|CS|TAMS 0x00000000eeb00000, 0x00000000eeb00000| Complete 
| 236|0x00000000eec00000, 0x00000000eed00000, 0x00000000eed00000|100%| E|CS|TAMS 0x00000000eec00000, 0x00000000eec00000| Complete 
| 237|0x00000000eed00000, 0x00000000eee00000, 0x00000000eee00000|100%| E|CS|TAMS 0x00000000eed00000, 0x00000000eed00000| Complete 
| 238|0x00000000eee00000, 0x00000000eef00000, 0x00000000eef00000|100%| E|CS|TAMS 0x00000000eee00000, 0x00000000eee00000| Complete 
| 239|0x00000000eef00000, 0x00000000ef000000, 0x00000000ef000000|100%| E|CS|TAMS 0x00000000eef00000, 0x00000000eef00000| Complete 
| 240|0x00000000ef000000, 0x00000000ef100000, 0x00000000ef100000|100%| E|CS|TAMS 0x00000000ef000000, 0x00000000ef000000| Complete 
| 241|0x00000000ef100000, 0x00000000ef200000, 0x00000000ef200000|100%| E|CS|TAMS 0x00000000ef100000, 0x00000000ef100000| Complete 
| 242|0x00000000ef200000, 0x00000000ef300000, 0x00000000ef300000|100%| E|CS|TAMS 0x00000000ef200000, 0x00000000ef200000| Complete 
| 243|0x00000000ef300000, 0x00000000ef400000, 0x00000000ef400000|100%| E|CS|TAMS 0x00000000ef300000, 0x00000000ef300000| Complete 
| 244|0x00000000ef400000, 0x00000000ef500000, 0x00000000ef500000|100%| E|CS|TAMS 0x00000000ef400000, 0x00000000ef400000| Complete 
| 245|0x00000000ef500000, 0x00000000ef600000, 0x00000000ef600000|100%| E|CS|TAMS 0x00000000ef500000, 0x00000000ef500000| Complete 
| 246|0x00000000ef600000, 0x00000000ef700000, 0x00000000ef700000|100%| E|CS|TAMS 0x00000000ef600000, 0x00000000ef600000| Complete 
| 247|0x00000000ef700000, 0x00000000ef800000, 0x00000000ef800000|100%| E|CS|TAMS 0x00000000ef700000, 0x00000000ef700000| Complete 
| 248|0x00000000ef800000, 0x00000000ef900000, 0x00000000ef900000|100%| E|CS|TAMS 0x00000000ef800000, 0x00000000ef800000| Complete 
| 249|0x00000000ef900000, 0x00000000efa00000, 0x00000000efa00000|100%| E|CS|TAMS 0x00000000ef900000, 0x00000000ef900000| Complete 
| 250|0x00000000efa00000, 0x00000000efb00000, 0x00000000efb00000|100%| E|CS|TAMS 0x00000000efa00000, 0x00000000efa00000| Complete 
| 251|0x00000000efb00000, 0x00000000efc00000, 0x00000000efc00000|100%| E|CS|TAMS 0x00000000efb00000, 0x00000000efb00000| Complete 
| 252|0x00000000efc00000, 0x00000000efd00000, 0x00000000efd00000|100%| E|CS|TAMS 0x00000000efc00000, 0x00000000efc00000| Complete 
| 253|0x00000000efd00000, 0x00000000efe00000, 0x00000000efe00000|100%| E|CS|TAMS 0x00000000efd00000, 0x00000000efd00000| Complete 
| 254|0x00000000efe00000, 0x00000000eff00000, 0x00000000eff00000|100%| E|CS|TAMS 0x00000000efe00000, 0x00000000efe00000| Complete 
| 255|0x00000000eff00000, 0x00000000f0000000, 0x00000000f0000000|100%| E|CS|TAMS 0x00000000eff00000, 0x00000000eff00000| Complete 

Card table byte_map: [0x00000236fa0c0000,0x00000236fa1c0000] _byte_map_base: 0x00000236f99c0000

Marking Bits (Prev, Next): (CMBitMap*) 0x00000236f9c0b840, (CMBitMap*) 0x00000236f9c0b880
 Prev Bits: [0x00000236fa2c0000, 0x00000236faac0000)
 Next Bits: [0x00000236faac0000, 0x00000236fb2c0000)

Polling page: 0x00000236f7ba0000

Metaspace:

Usage:
  Non-class:     45.68 MB used.
      Class:      7.50 MB used.
       Both:     53.17 MB used.

Virtual space:
  Non-class space:       64.00 MB reserved,      45.94 MB ( 72%) committed,  1 nodes.
      Class space:      320.00 MB reserved,       7.81 MB (  2%) committed,  1 nodes.
             Both:      384.00 MB reserved,      53.75 MB ( 14%) committed. 

Chunk freelists:
   Non-Class:  2.02 MB
       Class:  8.17 MB
        Both:  10.19 MB

MaxMetaspaceSize: 384.00 MB
CompressedClassSpaceSize: 320.00 MB
Initial GC threshold: 21.00 MB
Current GC threshold: 59.38 MB
CDS: on
MetaspaceReclaimPolicy: balanced
 - commit_granule_bytes: 65536.
 - commit_granule_words: 8192.
 - virtual_space_node_default_size: 8388608.
 - enlarge_chunks_in_place: 1.
 - new_chunks_are_fully_committed: 0.
 - uncommit_free_chunks: 1.
 - use_allocation_guard: 0.
 - handle_deallocations: 1.


Internal statistics:

num_allocs_failed_limit: 9.
num_arena_births: 638.
num_arena_deaths: 0.
num_vsnodes_births: 2.
num_vsnodes_deaths: 0.
num_space_committed: 860.
num_space_uncommitted: 0.
num_chunks_returned_to_freelist: 9.
num_chunks_taken_from_freelist: 2928.
num_chunk_merges: 3.
num_chunk_splits: 1868.
num_chunks_enlarged: 1200.
num_inconsistent_stats: 0.

CodeHeap 'non-profiled nmethods': size=120000Kb used=4184Kb max_used=4184Kb free=115816Kb
 bounds [0x000002368f530000, 0x000002368f950000, 0x0000023696a60000]
CodeHeap 'profiled nmethods': size=120000Kb used=15100Kb max_used=15100Kb free=104899Kb
 bounds [0x0000023687a60000, 0x0000023688930000, 0x000002368ef90000]
CodeHeap 'non-nmethods': size=5760Kb used=2340Kb max_used=2394Kb free=3419Kb
 bounds [0x000002368ef90000, 0x000002368f200000, 0x000002368f530000]
 total_blobs=8651 nmethods=7809 adapters=753
 compilation: enabled
              stopped_count=0, restarted_count=0
 full_count=0

Compilation events (20 events):
Event: 25.887 Thread 0x00000236fdd1aa20 8647       3       org.gradle.internal.component.external.model.ModuleComponentFileArtifactIdentifier::getComponentIdentifier (5 bytes)
Event: 25.887 Thread 0x00000236fdd1aa20 nmethod 8647 0x0000023688908f10 code [0x00000236889090c0, 0x0000023688909378]
Event: 25.887 Thread 0x00000236fdd1aa20 8648   !   3       java.util.concurrent.ConcurrentHashMap::replaceNode (437 bytes)
Event: 25.890 Thread 0x00000236fdd1aa20 nmethod 8648 0x0000023688909490 code [0x00000236889097e0, 0x000002368890b0d8]
Event: 25.890 Thread 0x00000236fdd1aa20 8650       3       java.util.concurrent.ForkJoinPool::unmanagedBlock (31 bytes)
Event: 25.891 Thread 0x00000236fdd1aa20 nmethod 8650 0x000002368890be10 code [0x000002368890bfe0, 0x000002368890c448]
Event: 25.891 Thread 0x00000236fdd1aa20 8652       3       java.lang.Long::equals (30 bytes)
Event: 25.891 Thread 0x00000236fdd1aa20 nmethod 8652 0x000002368890c590 code [0x000002368890c740, 0x000002368890cb38]
Event: 25.891 Thread 0x00000236fdd1aa20 8654       3       java.util.concurrent.locks.AbstractQueuedSynchronizer$ConditionNode::block (15 bytes)
Event: 25.892 Thread 0x00000236fdd1aa20 nmethod 8654 0x000002368890cc10 code [0x000002368890cde0, 0x000002368890d208]
Event: 25.892 Thread 0x00000236fdd1aa20 8651       1       java.lang.Thread::getName (5 bytes)
Event: 25.892 Thread 0x00000236fdd1aa20 nmethod 8651 0x000002368f936f90 code [0x000002368f937120, 0x000002368f9371f8]
Event: 25.892 Thread 0x00000236fdd1aa20 8653       3       java.util.concurrent.ForkJoinPool::managedBlock (36 bytes)
Event: 25.893 Thread 0x00000236fdd1aa20 nmethod 8653 0x000002368890d390 code [0x000002368890d5a0, 0x000002368890dd58]
Event: 25.893 Thread 0x00000236fdd1aa20 8655       3       java.util.HashMap$HashIterator::<init> (79 bytes)
Event: 25.894 Thread 0x00000236fdd1aa20 nmethod 8655 0x000002368890df90 code [0x000002368890e140, 0x000002368890e578]
Event: 25.894 Thread 0x00000236fdd1aa20 8649       3       org.gradle.api.internal.artifacts.ivyservice.modulecache.artifacts.DefaultCachedArtifact::isMissing (13 bytes)
Event: 25.894 Thread 0x00000236fdd1aa20 nmethod 8649 0x000002368890e710 code [0x000002368890e8a0, 0x000002368890ea18]
Event: 25.895 Thread 0x00000236fdd1aa20 8656   !   3       org.gradle.api.internal.changedetection.state.GradleUserHomeScopeFileTimeStampInspector::timestampCanBeUsedToDetectFileChange (94 bytes)
Event: 25.896 Thread 0x00000236fdd1aa20 nmethod 8656 0x000002368890ea90 code [0x000002368890eca0, 0x000002368890f4e8]

GC Heap History (16 events):
Event: 1.971 GC heap before
{Heap before GC invocations=0 (full 0):
 garbage-first heap   total 262144K, used 26624K [0x00000000e0000000, 0x0000000100000000)
  region size 1024K, 23 young (23552K), 0 survivors (0K)
 Metaspace       used 1987K, committed 2176K, reserved 393216K
  class space    used 206K, committed 320K, reserved 327680K
}
Event: 2.014 GC heap after
{Heap after GC invocations=1 (full 0):
 garbage-first heap   total 262144K, used 11051K [0x00000000e0000000, 0x0000000100000000)
  region size 1024K, 3 young (3072K), 3 survivors (3072K)
 Metaspace       used 1987K, committed 2176K, reserved 393216K
  class space    used 206K, committed 320K, reserved 327680K
}
Event: 3.994 GC heap before
{Heap before GC invocations=1 (full 0):
 garbage-first heap   total 262144K, used 36651K [0x00000000e0000000, 0x0000000100000000)
  region size 1024K, 28 young (28672K), 3 survivors (3072K)
 Metaspace       used 4079K, committed 4288K, reserved 393216K
  class space    used 507K, committed 640K, reserved 327680K
}
Event: 3.999 GC heap after
{Heap after GC invocations=2 (full 0):
 garbage-first heap   total 262144K, used 12303K [0x00000000e0000000, 0x0000000100000000)
  region size 1024K, 2 young (2048K), 2 survivors (2048K)
 Metaspace       used 4079K, committed 4288K, reserved 393216K
  class space    used 507K, committed 640K, reserved 327680K
}
Event: 10.225 GC heap before
{Heap before GC invocations=2 (full 0):
 garbage-first heap   total 262144K, used 130063K [0x00000000e0000000, 0x0000000100000000)
  region size 1024K, 115 young (117760K), 2 survivors (2048K)
 Metaspace       used 19049K, committed 19392K, reserved 393216K
  class space    used 2767K, committed 2944K, reserved 327680K
}
Event: 10.243 GC heap after
{Heap after GC invocations=3 (full 0):
 garbage-first heap   total 262144K, used 23148K [0x00000000e0000000, 0x0000000100000000)
  region size 1024K, 11 young (11264K), 11 survivors (11264K)
 Metaspace       used 19049K, committed 19392K, reserved 393216K
  class space    used 2767K, committed 2944K, reserved 327680K
}
Event: 10.966 GC heap before
{Heap before GC invocations=3 (full 0):
 garbage-first heap   total 262144K, used 39532K [0x00000000e0000000, 0x0000000100000000)
  region size 1024K, 28 young (28672K), 11 survivors (11264K)
 Metaspace       used 21150K, committed 21504K, reserved 393216K
  class space    used 3117K, committed 3328K, reserved 327680K
}
Event: 10.976 GC heap after
{Heap after GC invocations=4 (full 0):
 garbage-first heap   total 262144K, used 24624K [0x00000000e0000000, 0x0000000100000000)
  region size 1024K, 12 young (12288K), 12 survivors (12288K)
 Metaspace       used 21150K, committed 21504K, reserved 393216K
  class space    used 3117K, committed 3328K, reserved 327680K
}
Event: 15.097 GC heap before
{Heap before GC invocations=5 (full 0):
 garbage-first heap   total 262144K, used 146480K [0x00000000e0000000, 0x0000000100000000)
  region size 1024K, 128 young (131072K), 12 survivors (12288K)
 Metaspace       used 35638K, committed 35968K, reserved 393216K
  class space    used 4956K, committed 5120K, reserved 327680K
}
Event: 15.120 GC heap after
{Heap after GC invocations=6 (full 0):
 garbage-first heap   total 262144K, used 33669K [0x00000000e0000000, 0x0000000100000000)
  region size 1024K, 11 young (11264K), 11 survivors (11264K)
 Metaspace       used 35638K, committed 35968K, reserved 393216K
  class space    used 4956K, committed 5120K, reserved 327680K
}
Event: 15.164 GC heap before
{Heap before GC invocations=6 (full 0):
 garbage-first heap   total 262144K, used 33669K [0x00000000e0000000, 0x0000000100000000)
  region size 1024K, 12 young (12288K), 11 survivors (11264K)
 Metaspace       used 35750K, committed 36160K, reserved 393216K
  class space    used 4979K, committed 5184K, reserved 327680K
}
Event: 15.175 GC heap after
{Heap after GC invocations=7 (full 0):
 garbage-first heap   total 262144K, used 34175K [0x00000000e0000000, 0x0000000100000000)
  region size 1024K, 2 young (2048K), 2 survivors (2048K)
 Metaspace       used 35750K, committed 36160K, reserved 393216K
  class space    used 4979K, committed 5184K, reserved 327680K
}
Event: 15.266 GC heap before
{Heap before GC invocations=7 (full 0):
 garbage-first heap   total 262144K, used 35199K [0x00000000e0000000, 0x0000000100000000)
  region size 1024K, 4 young (4096K), 2 survivors (2048K)
 Metaspace       used 35953K, committed 36288K, reserved 393216K
  class space    used 5014K, committed 5184K, reserved 327680K
}
Event: 15.268 GC heap after
{Heap after GC invocations=8 (full 0):
 garbage-first heap   total 262144K, used 33103K [0x00000000e0000000, 0x0000000100000000)
  region size 1024K, 1 young (1024K), 1 survivors (1024K)
 Metaspace       used 35953K, committed 36288K, reserved 393216K
  class space    used 5014K, committed 5184K, reserved 327680K
}
Event: 21.659 GC heap before
{Heap before GC invocations=9 (full 0):
 garbage-first heap   total 262144K, used 189775K [0x00000000e0000000, 0x0000000100000000)
  region size 1024K, 153 young (156672K), 1 survivors (1024K)
 Metaspace       used 48696K, committed 49216K, reserved 393216K
  class space    used 6931K, committed 7168K, reserved 327680K
}
Event: 21.675 GC heap after
{Heap after GC invocations=10 (full 0):
 garbage-first heap   total 262144K, used 41764K [0x00000000e0000000, 0x0000000100000000)
  region size 1024K, 9 young (9216K), 9 survivors (9216K)
 Metaspace       used 48696K, committed 49216K, reserved 393216K
  class space    used 6931K, committed 7168K, reserved 327680K
}

Dll operation events (15 events):
Event: 0.047 Loaded shared library C:\Program Files\Amazon Corretto\jdk17.0.11_9\bin\java.dll
Event: 0.121 Loaded shared library C:\Program Files\Amazon Corretto\jdk17.0.11_9\bin\jsvml.dll
Event: 0.271 Loaded shared library C:\Program Files\Amazon Corretto\jdk17.0.11_9\bin\zip.dll
Event: 0.282 Loaded shared library C:\Program Files\Amazon Corretto\jdk17.0.11_9\bin\instrument.dll
Event: 0.294 Loaded shared library C:\Program Files\Amazon Corretto\jdk17.0.11_9\bin\net.dll
Event: 0.301 Loaded shared library C:\Program Files\Amazon Corretto\jdk17.0.11_9\bin\nio.dll
Event: 0.316 Loaded shared library C:\Program Files\Amazon Corretto\jdk17.0.11_9\bin\zip.dll
Event: 1.212 Loaded shared library C:\Program Files\Amazon Corretto\jdk17.0.11_9\bin\jimage.dll
Event: 1.563 Loaded shared library C:\Program Files\Amazon Corretto\jdk17.0.11_9\bin\verify.dll
Event: 2.219 Loaded shared library C:\Users\qkrdo\.gradle\native\c067742578af261105cb4f569cf0c3c89f3d7b1fecec35dd04571415982c5e48\windows-amd64\native-platform.dll
Event: 2.264 Loaded shared library C:\Users\qkrdo\.gradle\native\100fb08df4bc3b14c8652ba06237920a3bd2aa13389f12d3474272988ae205f9\windows-amd64\native-platform-file-events.dll
Event: 6.304 Loaded shared library C:\Program Files\Amazon Corretto\jdk17.0.11_9\bin\management.dll
Event: 6.376 Loaded shared library C:\Program Files\Amazon Corretto\jdk17.0.11_9\bin\management_ext.dll
Event: 7.150 Loaded shared library C:\Program Files\Amazon Corretto\jdk17.0.11_9\bin\extnet.dll
Event: 7.600 Loaded shared library C:\Program Files\Amazon Corretto\jdk17.0.11_9\bin\sunmscapi.dll

Deoptimization events (20 events):
Event: 25.721 Thread 0x00000236b259bc30 Uncommon trap: trap_request=0xffffff45 fr.pc=0x000002368f72827c relative=0x000000000000053c
Event: 25.722 Thread 0x00000236b259bc30 Uncommon trap: reason=unstable_if action=reinterpret pc=0x000002368f72827c method=java.lang.StringLatin1.compareToCI([B[B)I @ 68 c2
Event: 25.722 Thread 0x00000236b259bc30 DEOPT PACKING pc=0x000002368f72827c sp=0x00000087718faa00
Event: 25.722 Thread 0x00000236b259bc30 DEOPT UNPACKING pc=0x000002368efea1a3 sp=0x00000087718fa828 mode 2
Event: 25.725 Thread 0x00000236b259bc30 Uncommon trap: trap_request=0xffffff45 fr.pc=0x000002368f8bcd78 relative=0x00000000000001d8
Event: 25.725 Thread 0x00000236b259bc30 Uncommon trap: reason=unstable_if action=reinterpret pc=0x000002368f8bcd78 method=com.google.common.collect.RegularImmutableSet.contains(Ljava/lang/Object;)Z @ 11 c2
Event: 25.725 Thread 0x00000236b259bc30 DEOPT PACKING pc=0x000002368f8bcd78 sp=0x00000087718fa2a0
Event: 25.725 Thread 0x00000236b259bc30 DEOPT UNPACKING pc=0x000002368efea1a3 sp=0x00000087718fa238 mode 2
Event: 25.761 Thread 0x00000236b259bc30 Uncommon trap: trap_request=0xffffff45 fr.pc=0x000002368f728f14 relative=0x0000000000000554
Event: 25.761 Thread 0x00000236b259bc30 Uncommon trap: reason=unstable_if action=reinterpret pc=0x000002368f728f14 method=java.lang.StringLatin1.compareToCI([B[B)I @ 68 c2
Event: 25.761 Thread 0x00000236b259bc30 DEOPT PACKING pc=0x000002368f728f14 sp=0x00000087718fb5c0
Event: 25.761 Thread 0x00000236b259bc30 DEOPT UNPACKING pc=0x000002368efea1a3 sp=0x00000087718fb458 mode 2
Event: 25.868 Thread 0x00000236b333f410 Uncommon trap: trap_request=0xffffff45 fr.pc=0x000002368f64f4f8 relative=0x00000000000014b8
Event: 25.868 Thread 0x00000236b333f410 Uncommon trap: reason=unstable_if action=reinterpret pc=0x000002368f64f4f8 method=java.util.concurrent.ConcurrentHashMap.addCount(JI)V @ 97 c2
Event: 25.868 Thread 0x00000236b333f410 DEOPT PACKING pc=0x000002368f64f4f8 sp=0x000000876e5fe4f0
Event: 25.868 Thread 0x00000236b333f410 DEOPT UNPACKING pc=0x000002368efea1a3 sp=0x000000876e5fe3c0 mode 2
Event: 25.887 Thread 0x00000236b333d5b0 Uncommon trap: trap_request=0xffffff45 fr.pc=0x000002368f8a1f00 relative=0x00000000000009c0
Event: 25.887 Thread 0x00000236b333d5b0 Uncommon trap: reason=unstable_if action=reinterpret pc=0x000002368f8a1f00 method=java.util.concurrent.ConcurrentHashMap.addCount(JI)V @ 97 c2
Event: 25.887 Thread 0x00000236b333d5b0 DEOPT PACKING pc=0x000002368f8a1f00 sp=0x000000876e9fe4b0
Event: 25.887 Thread 0x00000236b333d5b0 DEOPT UNPACKING pc=0x000002368efea1a3 sp=0x000000876e9fe388 mode 2

Classes unloaded (0 events):
No events

Classes redefined (0 events):
No events

Internal exceptions (20 events):
Event: 22.603 Thread 0x0000023696cc7220 Exception <a 'java/lang/ClassNotFoundException'{0x00000000edb22170}: org/gradle/api/plugins/JavaPluginConventionBeanInfo> (0x00000000edb22170) 
thrown [s\src\hotspot\share\classfile\systemDictionary.cpp, line 256]
Event: 22.604 Thread 0x0000023696cc7220 Exception <a 'java/lang/ClassNotFoundException'{0x00000000edb31b78}: org/gradle/api/plugins/JavaPluginConventionCustomizer> (0x00000000edb31b78) 
thrown [s\src\hotspot\share\classfile\systemDictionary.cpp, line 256]
Event: 22.607 Thread 0x0000023696cc7220 Exception <a 'java/lang/ClassNotFoundException'{0x00000000edb55908}: org/gradle/api/plugins/internal/NaggingJavaPluginConventionCustomizer> (0x00000000edb55908) 
thrown [s\src\hotspot\share\classfile\systemDictionary.cpp, line 256]
Event: 22.692 Thread 0x0000023696cc7220 Implicit null exception at 0x000002368f5dbacf to 0x000002368f5dcc88
Event: 23.831 Thread 0x0000023696cc7220 Exception <a 'java/lang/NoSuchMethodError'{0x00000000ebb6b9e0}: 'void java.lang.invoke.DirectMethodHandle$Holder.invokeVirtual(java.lang.Object, java.lang.Object, java.lang.Object, java.lang.Object)'> (0x00000000ebb6b9e0) 
thrown [s\src\hotspot\share\interpreter\linkResolver.cpp, line 759]
Event: 25.292 Thread 0x0000023696cc7220 Exception <a 'java/lang/ClassNotFoundException'{0x00000000e89134e8}: com/google/common/collect/RegularImmutableListBeanInfo> (0x00000000e89134e8) 
thrown [s\src\hotspot\share\classfile\systemDictionary.cpp, line 256]
Event: 25.293 Thread 0x0000023696cc7220 Exception <a 'java/lang/ClassNotFoundException'{0x00000000e891e068}: com/google/common/collect/ImmutableListBeanInfo> (0x00000000e891e068) 
thrown [s\src\hotspot\share\classfile\systemDictionary.cpp, line 256]
Event: 25.294 Thread 0x0000023696cc7220 Exception <a 'java/lang/ClassNotFoundException'{0x00000000e8928ef8}: com/google/common/collect/ImmutableCollectionBeanInfo> (0x00000000e8928ef8) 
thrown [s\src\hotspot\share\classfile\systemDictionary.cpp, line 256]
Event: 25.296 Thread 0x0000023696cc7220 Exception <a 'java/lang/ClassNotFoundException'{0x00000000e8933e30}: com/google/common/collect/ImmutableCollectionCustomizer> (0x00000000e8933e30) 
thrown [s\src\hotspot\share\classfile\systemDictionary.cpp, line 256]
Event: 25.299 Thread 0x0000023696cc7220 Exception <a 'java/lang/ClassNotFoundException'{0x00000000e894df80}: com/google/common/collect/ImmutableListCustomizer> (0x00000000e894df80) 
thrown [s\src\hotspot\share\classfile\systemDictionary.cpp, line 256]
Event: 25.305 Thread 0x0000023696cc7220 Exception <a 'java/lang/ClassNotFoundException'{0x00000000e898e768}: com/google/common/collect/RegularImmutableListCustomizer> (0x00000000e898e768) 
thrown [s\src\hotspot\share\classfile\systemDictionary.cpp, line 256]
Event: 25.422 Thread 0x00000236b259bc30 Exception <a 'java/lang/NoSuchMethodError'{0x00000000e86e7b68}: 'void java.lang.invoke.DirectMethodHandle$Holder.invokeSpecial(java.lang.Object, java.lang.Object, java.lang.Object, java.lang.Object, int, java.lang.Object, java.lang.Object)'> (0x00000000e86e7b68) 
thrown [s\src\hotspot\share\interpreter\linkResolver.cpp, line 759]
Event: 25.444 Thread 0x00000236b259bc30 Exception <a 'java/lang/NoSuchMethodError'{0x00000000e857bcd8}: 'void java.lang.invoke.DirectMethodHandle$Holder.invokeInterface(java.lang.Object, java.lang.Object, java.lang.Object, java.lang.Object)'> (0x00000000e857bcd8) 
thrown [s\src\hotspot\share\interpreter\linkResolver.cpp, line 759]
Event: 25.573 Thread 0x0000023696cc8b70 Exception <a 'java/lang/NoSuchMethodError'{0x00000000e83a1220}: static Lorg/gradle/internal/build/event/types/DefaultTaskStartedProgressEvent;.<clinit>()V> (0x00000000e83a1220) 
thrown [s\src\hotspot\share\prims\jni.cpp, line 1112]
Event: 25.574 Thread 0x0000023696cc8b70 Exception <a 'java/lang/NoSuchMethodError'{0x00000000e83a3288}: static Lorg/gradle/internal/build/event/types/AbstractProgressEvent;.<clinit>()V> (0x00000000e83a3288) 
thrown [s\src\hotspot\share\prims\jni.cpp, line 1112]
Event: 25.576 Thread 0x0000023696cc8b70 Exception <a 'java/lang/NoSuchMethodError'{0x00000000e83dbe20}: static Lorg/gradle/internal/build/event/types/DefaultTaskDescriptor;.<clinit>()V> (0x00000000e83dbe20) 
thrown [s\src\hotspot\share\prims\jni.cpp, line 1112]
Event: 25.583 Thread 0x0000023696cc8b70 Exception <a 'java/lang/NoSuchMethodError'{0x00000000e8251be0}: static Lorg/gradle/internal/operations/OperationIdentifier;.<clinit>()V> (0x00000000e8251be0) 
thrown [s\src\hotspot\share\prims\jni.cpp, line 1112]
Event: 25.585 Thread 0x0000023696cc8b70 Exception <a 'java/lang/NoSuchMethodError'{0x00000000e825b980}: static Lorg/gradle/internal/build/event/types/DefaultBinaryPluginIdentifier;.<clinit>()V> (0x00000000e825b980) 
thrown [s\src\hotspot\share\prims\jni.cpp, line 1112]
Event: 25.772 Thread 0x00000236b259bc30 Exception <a 'java/lang/IncompatibleClassChangeError'{0x00000000e7f281d8}: Found class java.lang.Object, but interface was expected> (0x00000000e7f281d8) 
thrown [s\src\hotspot\share\interpreter\linkResolver.cpp, line 826]
Event: 25.776 Thread 0x00000236b259bc30 Exception <a 'java/lang/NoSuchMethodError'{0x00000000e7f39228}: static Ljava/lang/Object;.<clinit>()V> (0x00000000e7f39228) 
thrown [s\src\hotspot\share\prims\jni.cpp, line 1112]

VM Operations (20 events):
Event: 23.655 Executing VM operation: ICBufferFull
Event: 23.656 Executing VM operation: ICBufferFull done
Event: 23.995 Executing VM operation: HandshakeAllThreads
Event: 23.995 Executing VM operation: HandshakeAllThreads done
Event: 24.076 Executing VM operation: ICBufferFull
Event: 24.076 Executing VM operation: ICBufferFull done
Event: 24.248 Executing VM operation: HandshakeAllThreads
Event: 24.249 Executing VM operation: HandshakeAllThreads done
Event: 25.193 Executing VM operation: ICBufferFull
Event: 25.194 Executing VM operation: ICBufferFull done
Event: 25.311 Executing VM operation: HandshakeAllThreads
Event: 25.311 Executing VM operation: HandshakeAllThreads done
Event: 25.330 Executing VM operation: HandshakeAllThreads
Event: 25.331 Executing VM operation: HandshakeAllThreads done
Event: 25.554 Executing VM operation: HandshakeAllThreads
Event: 25.555 Executing VM operation: HandshakeAllThreads done
Event: 25.657 Executing VM operation: HandshakeAllThreads
Event: 25.658 Executing VM operation: HandshakeAllThreads done
Event: 25.782 Executing VM operation: ICBufferFull
Event: 25.783 Executing VM operation: ICBufferFull done

Events (20 events):
Event: 25.573 loading class java/io/ObjectStreamClass$5
Event: 25.573 loading class java/io/ObjectStreamClass$5 done
Event: 25.574 loading class java/io/ObjectStreamClass$ClassDataSlot
Event: 25.574 loading class java/io/ObjectStreamClass$ClassDataSlot done
Event: 25.577 loading class jdk/internal/reflect/UnsafeQualifiedStaticLongFieldAccessorImpl
Event: 25.577 loading class jdk/internal/reflect/UnsafeQualifiedStaticLongFieldAccessorImpl done
Event: 25.580 loading class java/io/SerialCallbackContext
Event: 25.580 loading class java/io/SerialCallbackContext done
Event: 25.647 loading class java/util/stream/ReferencePipeline$4
Event: 25.647 loading class java/util/stream/ReferencePipeline$4 done
Event: 25.648 loading class java/util/stream/ReduceOps$6
Event: 25.648 loading class java/util/stream/ReduceOps$6 done
Event: 25.649 loading class java/util/stream/ReduceOps$5ReducingSink
Event: 25.650 loading class java/util/stream/ReduceOps$5ReducingSink done
Event: 25.650 loading class java/util/stream/ReferencePipeline$4$1
Event: 25.650 loading class java/util/stream/ReferencePipeline$4$1 done
Event: 25.773 loading class java/util/concurrent/ConcurrentSkipListMap$KeySet
Event: 25.774 loading class java/util/concurrent/ConcurrentSkipListMap$KeySet done
Event: 25.774 loading class java/util/concurrent/ConcurrentSkipListMap$KeyIterator
Event: 25.775 loading class java/util/concurrent/ConcurrentSkipListMap$KeyIterator done


Dynamic libraries:
0x00007ff60a160000 - 0x00007ff60a16e000 	C:\Program Files\Amazon Corretto\jdk17.0.11_9\bin\java.exe
0x00007ffc7e6f0000 - 0x00007ffc7e907000 	C:\Windows\SYSTEM32\ntdll.dll
0x00007ffc7de40000 - 0x00007ffc7df04000 	C:\Windows\System32\KERNEL32.DLL
0x00007ffc7bb40000 - 0x00007ffc7beed000 	C:\Windows\System32\KERNELBASE.dll
0x00007ffc7ba20000 - 0x00007ffc7bb31000 	C:\Windows\System32\ucrtbase.dll
0x00007ffc71850000 - 0x00007ffc71867000 	C:\Program Files\Amazon Corretto\jdk17.0.11_9\bin\jli.dll
0x00007ffc6aea0000 - 0x00007ffc6aebb000 	C:\Program Files\Amazon Corretto\jdk17.0.11_9\bin\VCRUNTIME140.dll
0x00007ffc7c5e0000 - 0x00007ffc7c78e000 	C:\Windows\System32\USER32.dll
0x00007ffc7c400000 - 0x00007ffc7c426000 	C:\Windows\System32\win32u.dll
0x00007ffc7dc40000 - 0x00007ffc7dc69000 	C:\Windows\System32\GDI32.dll
0x00007ffc65320000 - 0x00007ffc655b3000 	C:\Windows\WinSxS\amd64_microsoft.windows.common-controls_6595b64144ccf1df_6.0.22621.3672_none_2713b9d173822955\COMCTL32.dll
0x00007ffc7bef0000 - 0x00007ffc7c009000 	C:\Windows\System32\gdi32full.dll
0x00007ffc7d620000 - 0x00007ffc7d6c7000 	C:\Windows\System32\msvcrt.dll
0x00007ffc7c090000 - 0x00007ffc7c12a000 	C:\Windows\System32\msvcp_win.dll
0x00007ffc7dd80000 - 0x00007ffc7ddb1000 	C:\Windows\System32\IMM32.DLL
0x00007ffc68b20000 - 0x00007ffc68b2c000 	C:\Program Files\Amazon Corretto\jdk17.0.11_9\bin\vcruntime140_1.dll
0x00007ffc55230000 - 0x00007ffc552bd000 	C:\Program Files\Amazon Corretto\jdk17.0.11_9\bin\msvcp140.dll
0x00007ffc33f70000 - 0x00007ffc34bd2000 	C:\Program Files\Amazon Corretto\jdk17.0.11_9\bin\server\jvm.dll
0x00007ffc7c520000 - 0x00007ffc7c5d2000 	C:\Windows\System32\ADVAPI32.dll
0x00007ffc7e330000 - 0x00007ffc7e3d9000 	C:\Windows\System32\sechost.dll
0x00007ffc7c3d0000 - 0x00007ffc7c3f8000 	C:\Windows\System32\bcrypt.dll
0x00007ffc7d890000 - 0x00007ffc7d9a4000 	C:\Windows\System32\RPCRT4.dll
0x00007ffc7b730000 - 0x00007ffc7b77d000 	C:\Windows\SYSTEM32\POWRPROF.dll
0x00007ffc75ab0000 - 0x00007ffc75ae4000 	C:\Windows\SYSTEM32\WINMM.dll
0x00007ffc57890000 - 0x00007ffc57899000 	C:\Windows\SYSTEM32\WSOCK32.dll
0x00007ffc70790000 - 0x00007ffc7079a000 	C:\Windows\SYSTEM32\VERSION.dll
0x00007ffc7ddc0000 - 0x00007ffc7de31000 	C:\Windows\System32\WS2_32.dll
0x00007ffc7b710000 - 0x00007ffc7b723000 	C:\Windows\SYSTEM32\UMPDC.dll
0x00007ffc7aa10000 - 0x00007ffc7aa28000 	C:\Windows\SYSTEM32\kernel.appcore.dll
0x00007ffc685a0000 - 0x00007ffc685aa000 	C:\Program Files\Amazon Corretto\jdk17.0.11_9\bin\jimage.dll
0x00007ffc79320000 - 0x00007ffc79552000 	C:\Windows\SYSTEM32\DBGHELP.DLL
0x00007ffc7df10000 - 0x00007ffc7e298000 	C:\Windows\System32\combase.dll
0x00007ffc7d9b0000 - 0x00007ffc7da87000 	C:\Windows\System32\OLEAUT32.dll
0x00007ffc792e0000 - 0x00007ffc79312000 	C:\Windows\SYSTEM32\dbgcore.DLL
0x00007ffc7c010000 - 0x00007ffc7c08b000 	C:\Windows\System32\bcryptPrimitives.dll
0x00007ffc68590000 - 0x00007ffc6859e000 	C:\Program Files\Amazon Corretto\jdk17.0.11_9\bin\instrument.dll
0x00007ffc66e10000 - 0x00007ffc66e35000 	C:\Program Files\Amazon Corretto\jdk17.0.11_9\bin\java.dll
0x00007ffc3ae90000 - 0x00007ffc3af67000 	C:\Program Files\Amazon Corretto\jdk17.0.11_9\bin\jsvml.dll
0x00007ffc7cd50000 - 0x00007ffc7d5af000 	C:\Windows\System32\SHELL32.dll
0x00007ffc79920000 - 0x00007ffc7a21c000 	C:\Windows\SYSTEM32\windows.storage.dll
0x00007ffc797e0000 - 0x00007ffc7991f000 	C:\Windows\SYSTEM32\wintypes.dll
0x00007ffc7cc30000 - 0x00007ffc7cd24000 	C:\Windows\System32\SHCORE.dll
0x00007ffc7d5c0000 - 0x00007ffc7d61e000 	C:\Windows\System32\shlwapi.dll
0x00007ffc7b950000 - 0x00007ffc7b971000 	C:\Windows\SYSTEM32\profapi.dll
0x00007ffc68570000 - 0x00007ffc68588000 	C:\Program Files\Amazon Corretto\jdk17.0.11_9\bin\zip.dll
0x00007ffc67400000 - 0x00007ffc67419000 	C:\Program Files\Amazon Corretto\jdk17.0.11_9\bin\net.dll
0x00007ffc78e30000 - 0x00007ffc78f66000 	C:\Windows\SYSTEM32\WINHTTP.dll
0x00007ffc7ae80000 - 0x00007ffc7aee9000 	C:\Windows\system32\mswsock.dll
0x00007ffc632b0000 - 0x00007ffc632c6000 	C:\Program Files\Amazon Corretto\jdk17.0.11_9\bin\nio.dll
0x00007ffc66fb0000 - 0x00007ffc66fc0000 	C:\Program Files\Amazon Corretto\jdk17.0.11_9\bin\verify.dll
0x00007ffc685b0000 - 0x00007ffc685d7000 	C:\Users\qkrdo\.gradle\native\c067742578af261105cb4f569cf0c3c89f3d7b1fecec35dd04571415982c5e48\windows-amd64\native-platform.dll
0x00007ffc39060000 - 0x00007ffc391a4000 	C:\Users\qkrdo\.gradle\native\100fb08df4bc3b14c8652ba06237920a3bd2aa13389f12d3474272988ae205f9\windows-amd64\native-platform-file-events.dll
0x00007ffc66e00000 - 0x00007ffc66e09000 	C:\Program Files\Amazon Corretto\jdk17.0.11_9\bin\management.dll
0x00007ffc66350000 - 0x00007ffc6635b000 	C:\Program Files\Amazon Corretto\jdk17.0.11_9\bin\management_ext.dll
0x00007ffc7c510000 - 0x00007ffc7c518000 	C:\Windows\System32\PSAPI.DLL
0x00007ffc7b0a0000 - 0x00007ffc7b0bb000 	C:\Windows\SYSTEM32\CRYPTSP.dll
0x00007ffc7a970000 - 0x00007ffc7a9a5000 	C:\Windows\system32\rsaenh.dll
0x00007ffc7af40000 - 0x00007ffc7af68000 	C:\Windows\SYSTEM32\USERENV.dll
0x00007ffc7b0c0000 - 0x00007ffc7b0cc000 	C:\Windows\SYSTEM32\CRYPTBASE.dll
0x00007ffc7a480000 - 0x00007ffc7a4ad000 	C:\Windows\SYSTEM32\IPHLPAPI.DLL
0x00007ffc7cd40000 - 0x00007ffc7cd49000 	C:\Windows\System32\NSI.dll
0x00007ffc76e80000 - 0x00007ffc76e99000 	C:\Windows\SYSTEM32\dhcpcsvc6.DLL
0x00007ffc76e40000 - 0x00007ffc76e5f000 	C:\Windows\SYSTEM32\dhcpcsvc.DLL
0x00007ffc7a4b0000 - 0x00007ffc7a5a8000 	C:\Windows\SYSTEM32\DNSAPI.dll
0x00007ffc646c0000 - 0x00007ffc646c9000 	C:\Program Files\Amazon Corretto\jdk17.0.11_9\bin\extnet.dll
0x00007ffc64450000 - 0x00007ffc6445e000 	C:\Program Files\Amazon Corretto\jdk17.0.11_9\bin\sunmscapi.dll
0x00007ffc7c130000 - 0x00007ffc7c297000 	C:\Windows\System32\CRYPT32.dll
0x00007ffc7b2e0000 - 0x00007ffc7b30e000 	C:\Windows\SYSTEM32\ncrypt.dll
0x00007ffc7b2a0000 - 0x00007ffc7b2d7000 	C:\Windows\SYSTEM32\NTASN1.dll
0x00007ffc68aa0000 - 0x00007ffc68aa8000 	C:\Windows\system32\wshunix.dll

dbghelp: loaded successfully - version: 4.0.5 - missing functions: none
symbol engine: initialized successfully - sym options: 0x614 - pdb path: .;C:\Program Files\Amazon Corretto\jdk17.0.11_9\bin;C:\Windows\SYSTEM32;C:\Windows\WinSxS\amd64_microsoft.windows.common-controls_6595b64144ccf1df_6.0.22621.3672_none_2713b9d173822955;C:\Program Files\Amazon Corretto\jdk17.0.11_9\bin\server;C:\Users\qkrdo\.gradle\native\c067742578af261105cb4f569cf0c3c89f3d7b1fecec35dd04571415982c5e48\windows-amd64;C:\Users\qkrdo\.gradle\native\100fb08df4bc3b14c8652ba06237920a3bd2aa13389f12d3474272988ae205f9\windows-amd64

VM Arguments:
jvm_args: --add-opens=java.base/java.util=ALL-UNNAMED --add-opens=java.base/java.lang=ALL-UNNAMED --add-opens=java.base/java.lang.invoke=ALL-UNNAMED --add-opens=java.prefs/java.util.prefs=ALL-UNNAMED --add-opens=java.base/java.nio.charset=ALL-UNNAMED --add-opens=java.base/java.net=ALL-UNNAMED --add-opens=java.base/java.util.concurrent.atomic=ALL-UNNAMED -XX:MaxMetaspaceSize=384m -XX:+HeapDumpOnOutOfMemoryError -Xms256m -Xmx512m -Dfile.encoding=UTF-8 -Duser.country=KR -Duser.language=ko -Duser.variant -javaagent:C:\Users\qkrdo\.gradle\wrapper\dists\gradle-8.8-bin\dl7vupf4psengwqhwktix4v1\gradle-8.8\lib\agents\gradle-instrumentation-agent-8.8.jar 
java_command: org.gradle.launcher.daemon.bootstrap.GradleDaemon 8.8
java_class_path (initial): C:\Users\qkrdo\.gradle\wrapper\dists\gradle-8.8-bin\dl7vupf4psengwqhwktix4v1\gradle-8.8\lib\gradle-launcher-8.8.jar
Launcher Type: SUN_STANDARD

[Global flags]
     intx CICompilerCount                          = 4                                         {product} {ergonomic}
   size_t CompressedClassSpaceSize                 = 335544320                                 {product} {ergonomic}
     uint ConcGCThreads                            = 2                                         {product} {ergonomic}
     uint G1ConcRefinementThreads                  = 8                                         {product} {ergonomic}
   size_t G1HeapRegionSize                         = 1048576                                   {product} {ergonomic}
    uintx GCDrainStackTargetSize                   = 64                                        {product} {ergonomic}
     bool HeapDumpOnOutOfMemoryError               = true                                   {manageable} {command line}
   size_t InitialHeapSize                          = 268435456                                 {product} {command line}
   size_t MarkStackSize                            = 4194304                                   {product} {ergonomic}
   size_t MaxHeapSize                              = 536870912                                 {product} {command line}
   size_t MaxMetaspaceSize                         = 402653184                                 {product} {command line}
   size_t MaxNewSize                               = 321912832                                 {product} {ergonomic}
   size_t MinHeapDeltaBytes                        = 1048576                                   {product} {ergonomic}
   size_t MinHeapSize                              = 268435456                                 {product} {command line}
    uintx NonNMethodCodeHeapSize                   = 5839372                                {pd product} {ergonomic}
    uintx NonProfiledCodeHeapSize                  = 122909434                              {pd product} {ergonomic}
    uintx ProfiledCodeHeapSize                     = 122909434                              {pd product} {ergonomic}
    uintx ReservedCodeCacheSize                    = 251658240                              {pd product} {ergonomic}
     bool SegmentedCodeCache                       = true                                      {product} {ergonomic}
   size_t SoftMaxHeapSize                          = 536870912                              {manageable} {ergonomic}
     bool UseCompressedClassPointers               = true                           {product lp64_product} {ergonomic}
     bool UseCompressedOops                        = true                           {product lp64_product} {ergonomic}
     bool UseG1GC                                  = true                                      {product} {ergonomic}
     bool UseLargePagesIndividualAllocation        = false                                  {pd product} {ergonomic}

Logging:
Log output configuration:
 #0: stdout all=warning uptime,level,tags
 #1: stderr all=off uptime,level,tags

Environment Variables:
JAVA_HOME=C:\Program Files\Amazon Corretto\jdk17.0.11_9
CLASSPATH=C:\Program Files\Amazon Corretto\jdk17.0.11_9\lib
PATH=C:\Program Files\Amazon Corretto\jdk17.0.11_9\bin;C:\app\qkrdo\product\21c\dbhomeXE\bin;C:\Windows\system32;C:\Windows;C:\Windows\System32\Wbem;C:\Windows\System32\WindowsPowerShell\v1.0\;C:\Windows\System32\OpenSSH\;C:\Program Files\nodejs\;C:\Program Files\Bandizip\;C:\Program Files\Git\cmd;C:\Program Files\MySQL\MySQL Shell 8.0\bin\;C:\Users\qkrdo\AppData\Local\Microsoft\WindowsApps;C:\Users\qkrdo\AppData\Local\Programs\Microsoft VS Code\bin;C:\Users\qkrdo\AppData\Roaming\npm;C:\Program Files\JetBrains\IntelliJ IDEA Community Edition 2024.1.1\bin;C:\Program Files\Amazon Corretto\jdk17.0.11_9\bin;C:\Users\qkrdo\AppData\Local\JetBrains\Toolbox\scripts;
USERNAME=qkrdo
OS=Windows_NT
PROCESSOR_IDENTIFIER=Intel64 Family 6 Model 126 Stepping 5, GenuineIntel
TMP=C:\Users\qkrdo\AppData\Local\Temp
TEMP=C:\Users\qkrdo\AppData\Local\Temp



Periodic native trim disabled


---------------  S Y S T E M  ---------------

OS:
 Windows 11 , 64 bit Build 22621 (10.0.22621.3672)
OS uptime: 13 days 2:09 hours
Hyper-V role detected

CPU: total 8 (initial active 8) (4 cores per cpu, 2 threads per core) family 6 model 126 stepping 5 microcode 0x86, cx8, cmov, fxsr, ht, mmx, 3dnowpref, sse, sse2, sse3, ssse3, sse4.1, sse4.2, popcnt, lzcnt, tsc, tscinvbit, avx, avx2, aes, erms, clmul, bmi1, bmi2, adx, avx512f, avx512dq, avx512cd, avx512bw, avx512vl, sha, fma, vzeroupper, avx512_vpopcntdq, avx512_vpclmulqdq, avx512_vaes, avx512_vnni, clflush, clflushopt, avx512_vbmi2, avx512_vbmi, hv
Processor Information for all 8 processors :
  Max Mhz: 1498, Current Mhz: 1198, Mhz Limit: 1198

Memory: 4k page, system-wide physical 7901M (486M free)
TotalPageFile size 23795M (AvailPageFile size 7M)
current process WorkingSet (physical memory assigned to process): 391M, peak: 394M
current process commit charge ("private bytes"): 497M, peak: 500M

vm_info: OpenJDK 64-Bit Server VM (17.0.11+9-LTS) for windows-amd64 JRE (17.0.11+9-LTS), built on Apr 10 2024 22:12:24 by "Administrator" with MS VC++ 16.10 / 16.11 (VS2019)

END.
